The target system is: Linux -  - aarch64
The host system is: Linux - 5.4.0-150-generic - x86_64
The target system is: Linux -  - arm
The host system is: Linux - 5.4.0-150-generic - x86_64
Compiling the C compiler identification source file "CMakeCCompilerId.c" succeeded.
Compiler: /opt/gcc-linaro-7.5.0-2019.12-x86_64_arm-linux-gnueabihf/bin/arm-linux-gnueabihf-gcc 
Build flags: 
Id flags:  

The output was:
0


Compilation of the C compiler identification source "CMakeCCompilerId.c" produced "a.out"

The C compiler identification is GNU, found in "/home/zzh/Desktop/ax-pipeline/build/CMakeFiles/3.15.5/CompilerIdC/a.out"

Compiling the CXX compiler identification source file "CMakeCXXCompilerId.cpp" succeeded.
Compiler: /opt/gcc-linaro-7.5.0-2019.12-x86_64_arm-linux-gnueabihf/bin/arm-linux-gnueabihf-g++ 
Build flags: 
Id flags:  

The output was:
0


Compilation of the CXX compiler identification source "CMakeCXXCompilerId.cpp" produced "a.out"

The CXX compiler identification is GNU, found in "/home/zzh/Desktop/ax-pipeline/build/CMakeFiles/3.15.5/CompilerIdCXX/a.out"

Determining if the C compiler works passed with the following output:
Change Dir: /home/zzh/Desktop/ax-pipeline/build/CMakeFiles/CMakeTmp

Run Build Command(s):/usr/bin/make cmTC_0f5d5/fast && /usr/bin/make -f CMakeFiles/cmTC_0f5d5.dir/build.make CMakeFiles/cmTC_0f5d5.dir/build
make[1]: Entering directory '/home/zzh/Desktop/ax-pipeline/build/CMakeFiles/CMakeTmp'
Building C object CMakeFiles/cmTC_0f5d5.dir/testCCompiler.c.o
/opt/gcc-linaro-7.5.0-2019.12-x86_64_arm-linux-gnueabihf/bin/arm-linux-gnueabihf-gcc    -o CMakeFiles/cmTC_0f5d5.dir/testCCompiler.c.o   -c /home/zzh/Desktop/ax-pipeline/build/CMakeFiles/CMakeTmp/testCCompiler.c
Linking C executable cmTC_0f5d5
/opt/cmake/bin/cmake -E cmake_link_script CMakeFiles/cmTC_0f5d5.dir/link.txt --verbose=1
/opt/gcc-linaro-7.5.0-2019.12-x86_64_arm-linux-gnueabihf/bin/arm-linux-gnueabihf-gcc      CMakeFiles/cmTC_0f5d5.dir/testCCompiler.c.o  -o cmTC_0f5d5 
make[1]: Leaving directory '/home/zzh/Desktop/ax-pipeline/build/CMakeFiles/CMakeTmp'



Detecting C compiler ABI info compiled with the following output:
Change Dir: /home/zzh/Desktop/ax-pipeline/build/CMakeFiles/CMakeTmp

Run Build Command(s):/usr/bin/make cmTC_1ad64/fast && /usr/bin/make -f CMakeFiles/cmTC_1ad64.dir/build.make CMakeFiles/cmTC_1ad64.dir/build
make[1]: Entering directory '/home/zzh/Desktop/ax-pipeline/build/CMakeFiles/CMakeTmp'
Building C object CMakeFiles/cmTC_1ad64.dir/CMakeCCompilerABI.c.o
/opt/gcc-linaro-7.5.0-2019.12-x86_64_arm-linux-gnueabihf/bin/arm-linux-gnueabihf-gcc   -v -o CMakeFiles/cmTC_1ad64.dir/CMakeCCompilerABI.c.o   -c /opt/cmake/share/cmake-3.15/Modules/CMakeCCompilerABI.c
Using built-in specs.
COLLECT_GCC=/opt/gcc-linaro-7.5.0-2019.12-x86_64_arm-linux-gnueabihf/bin/arm-linux-gnueabihf-gcc
Target: arm-linux-gnueabihf
Configured with: '/home/tcwg-buildslave/workspace/tcwg-make-release_1/snapshots/gcc.git~linaro-7.5-2019.12/configure' SHELL=/bin/bash --with-mpc=/home/tcwg-buildslave/workspace/tcwg-make-release_1/_build/builds/destdir/x86_64-unknown-linux-gnu --with-mpfr=/home/tcwg-buildslave/workspace/tcwg-make-release_1/_build/builds/destdir/x86_64-unknown-linux-gnu --with-gmp=/home/tcwg-buildslave/workspace/tcwg-make-release_1/_build/builds/destdir/x86_64-unknown-linux-gnu --with-gnu-as --with-gnu-ld --disable-libmudflap --enable-lto --enable-shared --without-included-gettext --enable-nls --with-system-zlib --disable-sjlj-exceptions --enable-gnu-unique-object --enable-linker-build-id --disable-libstdcxx-pch --enable-c99 --enable-clocale=gnu --enable-libstdcxx-debug --enable-long-long --with-cloog=no --with-ppl=no --with-isl=no --disable-multilib --with-float=hard --with-fpu=vfpv3-d16 --with-mode=thumb --with-tune=cortex-a9 --with-arch=armv7-a --enable-threads=posix --enable-multiarch --enable-libstdcxx-time=yes --enable-gnu-indirect-function --with-build-sysroot=/home/tcwg-buildslave/workspace/tcwg-make-release_1/_build/sysroots/arm-linux-gnueabihf --with-sysroot=/home/tcwg-buildslave/workspace/tcwg-make-release_1/_build/builds/destdir/x86_64-unknown-linux-gnu/arm-linux-gnueabihf/libc --enable-checking=release --disable-bootstrap --enable-languages=c,c++,fortran,lto --build=x86_64-unknown-linux-gnu --host=x86_64-unknown-linux-gnu --target=arm-linux-gnueabihf --prefix=/home/tcwg-buildslave/workspace/tcwg-make-release_1/_build/builds/destdir/x86_64-unknown-linux-gnu
Thread model: posix
gcc version 7.5.0 (Linaro GCC 7.5-2019.12) 
COLLECT_GCC_OPTIONS='-v' '-o' 'CMakeFiles/cmTC_1ad64.dir/CMakeCCompilerABI.c.o' '-c' '-march=armv7-a' '-mtune=cortex-a9' '-mfloat-abi=hard' '-mfpu=vfpv3-d16' '-mthumb' '-mtls-dialect=gnu'
 /opt/gcc-linaro-7.5.0-2019.12-x86_64_arm-linux-gnueabihf/bin/../libexec/gcc/arm-linux-gnueabihf/7.5.0/cc1 -quiet -v -imultilib . -imultiarch arm-linux-gnueabihf -iprefix /opt/gcc-linaro-7.5.0-2019.12-x86_64_arm-linux-gnueabihf/bin/../lib/gcc/arm-linux-gnueabihf/7.5.0/ -isysroot /opt/gcc-linaro-7.5.0-2019.12-x86_64_arm-linux-gnueabihf/bin/../arm-linux-gnueabihf/libc /opt/cmake/share/cmake-3.15/Modules/CMakeCCompilerABI.c -quiet -dumpbase CMakeCCompilerABI.c -march=armv7-a -mtune=cortex-a9 -mfloat-abi=hard -mfpu=vfpv3-d16 -mthumb -mtls-dialect=gnu -auxbase-strip CMakeFiles/cmTC_1ad64.dir/CMakeCCompilerABI.c.o -version -o /tmp/cc2MVpmy.s
GNU C11 (Linaro GCC 7.5-2019.12) version 7.5.0 (arm-linux-gnueabihf)
	compiled by GNU C version 4.8.4, GMP version 6.1.2, MPFR version 3.1.5, MPC version 1.0.3, isl version none
GGC heuristics: --param ggc-min-expand=100 --param ggc-min-heapsize=131072
ignoring duplicate directory "/opt/gcc-linaro-7.5.0-2019.12-x86_64_arm-linux-gnueabihf/bin/../lib/gcc/../../lib/gcc/arm-linux-gnueabihf/7.5.0/include"
ignoring nonexistent directory "/opt/gcc-linaro-7.5.0-2019.12-x86_64_arm-linux-gnueabihf/bin/../arm-linux-gnueabihf/libc/usr/local/include/arm-linux-gnueabihf"
ignoring nonexistent directory "/opt/gcc-linaro-7.5.0-2019.12-x86_64_arm-linux-gnueabihf/bin/../arm-linux-gnueabihf/libc/usr/local/include"
ignoring duplicate directory "/opt/gcc-linaro-7.5.0-2019.12-x86_64_arm-linux-gnueabihf/bin/../lib/gcc/../../lib/gcc/arm-linux-gnueabihf/7.5.0/include-fixed"
ignoring duplicate directory "/opt/gcc-linaro-7.5.0-2019.12-x86_64_arm-linux-gnueabihf/bin/../lib/gcc/../../lib/gcc/arm-linux-gnueabihf/7.5.0/../../../../arm-linux-gnueabihf/include"
ignoring nonexistent directory "/opt/gcc-linaro-7.5.0-2019.12-x86_64_arm-linux-gnueabihf/bin/../arm-linux-gnueabihf/libc/usr/include/arm-linux-gnueabihf"
#include "..." search starts here:
#include <...> search starts here:
 /opt/gcc-linaro-7.5.0-2019.12-x86_64_arm-linux-gnueabihf/bin/../lib/gcc/arm-linux-gnueabihf/7.5.0/include
 /opt/gcc-linaro-7.5.0-2019.12-x86_64_arm-linux-gnueabihf/bin/../lib/gcc/arm-linux-gnueabihf/7.5.0/include-fixed
 /opt/gcc-linaro-7.5.0-2019.12-x86_64_arm-linux-gnueabihf/bin/../lib/gcc/arm-linux-gnueabihf/7.5.0/../../../../arm-linux-gnueabihf/include
 /opt/gcc-linaro-7.5.0-2019.12-x86_64_arm-linux-gnueabihf/bin/../arm-linux-gnueabihf/libc/usr/include
End of search list.
GNU C11 (Linaro GCC 7.5-2019.12) version 7.5.0 (arm-linux-gnueabihf)
	compiled by GNU C version 4.8.4, GMP version 6.1.2, MPFR version 3.1.5, MPC version 1.0.3, isl version none
GGC heuristics: --param ggc-min-expand=100 --param ggc-min-heapsize=131072
Compiler executable checksum: 8fa34e0db50fda66edde212215c67406
COLLECT_GCC_OPTIONS='-v' '-o' 'CMakeFiles/cmTC_1ad64.dir/CMakeCCompilerABI.c.o' '-c' '-march=armv7-a' '-mtune=cortex-a9' '-mfloat-abi=hard' '-mfpu=vfpv3-d16' '-mthumb' '-mtls-dialect=gnu'
 /opt/gcc-linaro-7.5.0-2019.12-x86_64_arm-linux-gnueabihf/bin/../lib/gcc/arm-linux-gnueabihf/7.5.0/../../../../arm-linux-gnueabihf/bin/as -v -march=armv7-a -mfloat-abi=hard -mfpu=vfpv3-d16 -meabi=5 -o CMakeFiles/cmTC_1ad64.dir/CMakeCCompilerABI.c.o /tmp/cc2MVpmy.s
GNU assembler version 2.28.2 (arm-linux-gnueabihf) using BFD version (Linaro_Binutils-2019.12) 2.28.2.20170706
COMPILER_PATH=/opt/gcc-linaro-7.5.0-2019.12-x86_64_arm-linux-gnueabihf/bin/../libexec/gcc/arm-linux-gnueabihf/7.5.0/:/opt/gcc-linaro-7.5.0-2019.12-x86_64_arm-linux-gnueabihf/bin/../libexec/gcc/arm-linux-gnueabihf/:/opt/gcc-linaro-7.5.0-2019.12-x86_64_arm-linux-gnueabihf/bin/../libexec/gcc/:/opt/gcc-linaro-7.5.0-2019.12-x86_64_arm-linux-gnueabihf/bin/../lib/gcc/arm-linux-gnueabihf/7.5.0/../../../../arm-linux-gnueabihf/bin/
LIBRARY_PATH=/opt/gcc-linaro-7.5.0-2019.12-x86_64_arm-linux-gnueabihf/bin/../lib/gcc/arm-linux-gnueabihf/7.5.0/:/opt/gcc-linaro-7.5.0-2019.12-x86_64_arm-linux-gnueabihf/bin/../lib/gcc/arm-linux-gnueabihf/:/opt/gcc-linaro-7.5.0-2019.12-x86_64_arm-linux-gnueabihf/bin/../lib/gcc/:/opt/gcc-linaro-7.5.0-2019.12-x86_64_arm-linux-gnueabihf/bin/../lib/gcc/arm-linux-gnueabihf/7.5.0/../../../../arm-linux-gnueabihf/lib/:/opt/gcc-linaro-7.5.0-2019.12-x86_64_arm-linux-gnueabihf/bin/../arm-linux-gnueabihf/libc/lib/:/opt/gcc-linaro-7.5.0-2019.12-x86_64_arm-linux-gnueabihf/bin/../arm-linux-gnueabihf/libc/usr/lib/
COLLECT_GCC_OPTIONS='-v' '-o' 'CMakeFiles/cmTC_1ad64.dir/CMakeCCompilerABI.c.o' '-c' '-march=armv7-a' '-mtune=cortex-a9' '-mfloat-abi=hard' '-mfpu=vfpv3-d16' '-mthumb' '-mtls-dialect=gnu'
Linking C executable cmTC_1ad64
/opt/cmake/bin/cmake -E cmake_link_script CMakeFiles/cmTC_1ad64.dir/link.txt --verbose=1
/opt/gcc-linaro-7.5.0-2019.12-x86_64_arm-linux-gnueabihf/bin/arm-linux-gnueabihf-gcc     -v CMakeFiles/cmTC_1ad64.dir/CMakeCCompilerABI.c.o  -o cmTC_1ad64 
Using built-in specs.
COLLECT_GCC=/opt/gcc-linaro-7.5.0-2019.12-x86_64_arm-linux-gnueabihf/bin/arm-linux-gnueabihf-gcc
COLLECT_LTO_WRAPPER=/opt/gcc-linaro-7.5.0-2019.12-x86_64_arm-linux-gnueabihf/bin/../libexec/gcc/arm-linux-gnueabihf/7.5.0/lto-wrapper
Target: arm-linux-gnueabihf
Configured with: '/home/tcwg-buildslave/workspace/tcwg-make-release_1/snapshots/gcc.git~linaro-7.5-2019.12/configure' SHELL=/bin/bash --with-mpc=/home/tcwg-buildslave/workspace/tcwg-make-release_1/_build/builds/destdir/x86_64-unknown-linux-gnu --with-mpfr=/home/tcwg-buildslave/workspace/tcwg-make-release_1/_build/builds/destdir/x86_64-unknown-linux-gnu --with-gmp=/home/tcwg-buildslave/workspace/tcwg-make-release_1/_build/builds/destdir/x86_64-unknown-linux-gnu --with-gnu-as --with-gnu-ld --disable-libmudflap --enable-lto --enable-shared --without-included-gettext --enable-nls --with-system-zlib --disable-sjlj-exceptions --enable-gnu-unique-object --enable-linker-build-id --disable-libstdcxx-pch --enable-c99 --enable-clocale=gnu --enable-libstdcxx-debug --enable-long-long --with-cloog=no --with-ppl=no --with-isl=no --disable-multilib --with-float=hard --with-fpu=vfpv3-d16 --with-mode=thumb --with-tune=cortex-a9 --with-arch=armv7-a --enable-threads=posix --enable-multiarch --enable-libstdcxx-time=yes --enable-gnu-indirect-function --with-build-sysroot=/home/tcwg-buildslave/workspace/tcwg-make-release_1/_build/sysroots/arm-linux-gnueabihf --with-sysroot=/home/tcwg-buildslave/workspace/tcwg-make-release_1/_build/builds/destdir/x86_64-unknown-linux-gnu/arm-linux-gnueabihf/libc --enable-checking=release --disable-bootstrap --enable-languages=c,c++,fortran,lto --build=x86_64-unknown-linux-gnu --host=x86_64-unknown-linux-gnu --target=arm-linux-gnueabihf --prefix=/home/tcwg-buildslave/workspace/tcwg-make-release_1/_build/builds/destdir/x86_64-unknown-linux-gnu
Thread model: posix
gcc version 7.5.0 (Linaro GCC 7.5-2019.12) 
COMPILER_PATH=/opt/gcc-linaro-7.5.0-2019.12-x86_64_arm-linux-gnueabihf/bin/../libexec/gcc/arm-linux-gnueabihf/7.5.0/:/opt/gcc-linaro-7.5.0-2019.12-x86_64_arm-linux-gnueabihf/bin/../libexec/gcc/arm-linux-gnueabihf/:/opt/gcc-linaro-7.5.0-2019.12-x86_64_arm-linux-gnueabihf/bin/../libexec/gcc/:/opt/gcc-linaro-7.5.0-2019.12-x86_64_arm-linux-gnueabihf/bin/../lib/gcc/arm-linux-gnueabihf/7.5.0/../../../../arm-linux-gnueabihf/bin/
LIBRARY_PATH=/opt/gcc-linaro-7.5.0-2019.12-x86_64_arm-linux-gnueabihf/bin/../lib/gcc/arm-linux-gnueabihf/7.5.0/:/opt/gcc-linaro-7.5.0-2019.12-x86_64_arm-linux-gnueabihf/bin/../lib/gcc/arm-linux-gnueabihf/:/opt/gcc-linaro-7.5.0-2019.12-x86_64_arm-linux-gnueabihf/bin/../lib/gcc/:/opt/gcc-linaro-7.5.0-2019.12-x86_64_arm-linux-gnueabihf/bin/../lib/gcc/arm-linux-gnueabihf/7.5.0/../../../../arm-linux-gnueabihf/lib/:/opt/gcc-linaro-7.5.0-2019.12-x86_64_arm-linux-gnueabihf/bin/../arm-linux-gnueabihf/libc/lib/:/opt/gcc-linaro-7.5.0-2019.12-x86_64_arm-linux-gnueabihf/bin/../arm-linux-gnueabihf/libc/usr/lib/
COLLECT_GCC_OPTIONS='-v' '-o' 'cmTC_1ad64' '-march=armv7-a' '-mtune=cortex-a9' '-mfloat-abi=hard' '-mfpu=vfpv3-d16' '-mthumb' '-mtls-dialect=gnu'
 /opt/gcc-linaro-7.5.0-2019.12-x86_64_arm-linux-gnueabihf/bin/../libexec/gcc/arm-linux-gnueabihf/7.5.0/collect2 -plugin /opt/gcc-linaro-7.5.0-2019.12-x86_64_arm-linux-gnueabihf/bin/../libexec/gcc/arm-linux-gnueabihf/7.5.0/liblto_plugin.so -plugin-opt=/opt/gcc-linaro-7.5.0-2019.12-x86_64_arm-linux-gnueabihf/bin/../libexec/gcc/arm-linux-gnueabihf/7.5.0/lto-wrapper -plugin-opt=-fresolution=/tmp/ccNCYtXA.res -plugin-opt=-pass-through=-lgcc -plugin-opt=-pass-through=-lgcc_s -plugin-opt=-pass-through=-lc -plugin-opt=-pass-through=-lgcc -plugin-opt=-pass-through=-lgcc_s --sysroot=/opt/gcc-linaro-7.5.0-2019.12-x86_64_arm-linux-gnueabihf/bin/../arm-linux-gnueabihf/libc --build-id --eh-frame-hdr -dynamic-linker /lib/ld-linux-armhf.so.3 -X -m armelf_linux_eabi -o cmTC_1ad64 /opt/gcc-linaro-7.5.0-2019.12-x86_64_arm-linux-gnueabihf/bin/../arm-linux-gnueabihf/libc/usr/lib/crt1.o /opt/gcc-linaro-7.5.0-2019.12-x86_64_arm-linux-gnueabihf/bin/../arm-linux-gnueabihf/libc/usr/lib/crti.o /opt/gcc-linaro-7.5.0-2019.12-x86_64_arm-linux-gnueabihf/bin/../lib/gcc/arm-linux-gnueabihf/7.5.0/crtbegin.o -L/opt/gcc-linaro-7.5.0-2019.12-x86_64_arm-linux-gnueabihf/bin/../lib/gcc/arm-linux-gnueabihf/7.5.0 -L/opt/gcc-linaro-7.5.0-2019.12-x86_64_arm-linux-gnueabihf/bin/../lib/gcc/arm-linux-gnueabihf -L/opt/gcc-linaro-7.5.0-2019.12-x86_64_arm-linux-gnueabihf/bin/../lib/gcc -L/opt/gcc-linaro-7.5.0-2019.12-x86_64_arm-linux-gnueabihf/bin/../lib/gcc/arm-linux-gnueabihf/7.5.0/../../../../arm-linux-gnueabihf/lib -L/opt/gcc-linaro-7.5.0-2019.12-x86_64_arm-linux-gnueabihf/bin/../arm-linux-gnueabihf/libc/lib -L/opt/gcc-linaro-7.5.0-2019.12-x86_64_arm-linux-gnueabihf/bin/../arm-linux-gnueabihf/libc/usr/lib CMakeFiles/cmTC_1ad64.dir/CMakeCCompilerABI.c.o -lgcc --as-needed -lgcc_s --no-as-needed -lc -lgcc --as-needed -lgcc_s --no-as-needed /opt/gcc-linaro-7.5.0-2019.12-x86_64_arm-linux-gnueabihf/bin/../lib/gcc/arm-linux-gnueabihf/7.5.0/crtend.o /opt/gcc-linaro-7.5.0-2019.12-x86_64_arm-linux-gnueabihf/bin/../arm-linux-gnueabihf/libc/usr/lib/crtn.o
COLLECT_GCC_OPTIONS='-v' '-o' 'cmTC_1ad64' '-march=armv7-a' '-mtune=cortex-a9' '-mfloat-abi=hard' '-mfpu=vfpv3-d16' '-mthumb' '-mtls-dialect=gnu'
make[1]: Leaving directory '/home/zzh/Desktop/ax-pipeline/build/CMakeFiles/CMakeTmp'



Parsed C implicit include dir info from above output: rv=done
  found start of include info
  found start of implicit include info
    add: [/opt/gcc-linaro-7.5.0-2019.12-x86_64_arm-linux-gnueabihf/bin/../lib/gcc/arm-linux-gnueabihf/7.5.0/include]
    add: [/opt/gcc-linaro-7.5.0-2019.12-x86_64_arm-linux-gnueabihf/bin/../lib/gcc/arm-linux-gnueabihf/7.5.0/include-fixed]
    add: [/opt/gcc-linaro-7.5.0-2019.12-x86_64_arm-linux-gnueabihf/bin/../lib/gcc/arm-linux-gnueabihf/7.5.0/../../../../arm-linux-gnueabihf/include]
    add: [/opt/gcc-linaro-7.5.0-2019.12-x86_64_arm-linux-gnueabihf/bin/../arm-linux-gnueabihf/libc/usr/include]
  end of search list found
  collapse include dir [/opt/gcc-linaro-7.5.0-2019.12-x86_64_arm-linux-gnueabihf/bin/../lib/gcc/arm-linux-gnueabihf/7.5.0/include] ==> [/opt/gcc-linaro-7.5.0-2019.12-x86_64_arm-linux-gnueabihf/lib/gcc/arm-linux-gnueabihf/7.5.0/include]
  collapse include dir [/opt/gcc-linaro-7.5.0-2019.12-x86_64_arm-linux-gnueabihf/bin/../lib/gcc/arm-linux-gnueabihf/7.5.0/include-fixed] ==> [/opt/gcc-linaro-7.5.0-2019.12-x86_64_arm-linux-gnueabihf/lib/gcc/arm-linux-gnueabihf/7.5.0/include-fixed]
  collapse include dir [/opt/gcc-linaro-7.5.0-2019.12-x86_64_arm-linux-gnueabihf/bin/../lib/gcc/arm-linux-gnueabihf/7.5.0/../../../../arm-linux-gnueabihf/include] ==> [/opt/gcc-linaro-7.5.0-2019.12-x86_64_arm-linux-gnueabihf/arm-linux-gnueabihf/include]
  collapse include dir [/opt/gcc-linaro-7.5.0-2019.12-x86_64_arm-linux-gnueabihf/bin/../arm-linux-gnueabihf/libc/usr/include] ==> [/opt/gcc-linaro-7.5.0-2019.12-x86_64_arm-linux-gnueabihf/arm-linux-gnueabihf/libc/usr/include]
  implicit include dirs: [/opt/gcc-linaro-7.5.0-2019.12-x86_64_arm-linux-gnueabihf/lib/gcc/arm-linux-gnueabihf/7.5.0/include;/opt/gcc-linaro-7.5.0-2019.12-x86_64_arm-linux-gnueabihf/lib/gcc/arm-linux-gnueabihf/7.5.0/include-fixed;/opt/gcc-linaro-7.5.0-2019.12-x86_64_arm-linux-gnueabihf/arm-linux-gnueabihf/include;/opt/gcc-linaro-7.5.0-2019.12-x86_64_arm-linux-gnueabihf/arm-linux-gnueabihf/libc/usr/include]


Parsed C implicit link information from above output:
  link line regex: [^( *|.*[/\])(arm-linux-gnueabihf-ld|CMAKE_LINK_STARTFILE-NOTFOUND|([^/\]+-)?ld|collect2)[^/\]*( |$)]
  ignore line: [Change Dir: /home/zzh/Desktop/ax-pipeline/build/CMakeFiles/CMakeTmp]
  ignore line: []
  ignore line: [Run Build Command(s):/usr/bin/make cmTC_1ad64/fast && /usr/bin/make -f CMakeFiles/cmTC_1ad64.dir/build.make CMakeFiles/cmTC_1ad64.dir/build]
  ignore line: [make[1]: Entering directory '/home/zzh/Desktop/ax-pipeline/build/CMakeFiles/CMakeTmp']
  ignore line: [Building C object CMakeFiles/cmTC_1ad64.dir/CMakeCCompilerABI.c.o]
  ignore line: [/opt/gcc-linaro-7.5.0-2019.12-x86_64_arm-linux-gnueabihf/bin/arm-linux-gnueabihf-gcc   -v -o CMakeFiles/cmTC_1ad64.dir/CMakeCCompilerABI.c.o   -c /opt/cmake/share/cmake-3.15/Modules/CMakeCCompilerABI.c]
  ignore line: [Using built-in specs.]
  ignore line: [COLLECT_GCC=/opt/gcc-linaro-7.5.0-2019.12-x86_64_arm-linux-gnueabihf/bin/arm-linux-gnueabihf-gcc]
  ignore line: [Target: arm-linux-gnueabihf]
  ignore line: [Configured with: '/home/tcwg-buildslave/workspace/tcwg-make-release_1/snapshots/gcc.git~linaro-7.5-2019.12/configure' SHELL=/bin/bash --with-mpc=/home/tcwg-buildslave/workspace/tcwg-make-release_1/_build/builds/destdir/x86_64-unknown-linux-gnu --with-mpfr=/home/tcwg-buildslave/workspace/tcwg-make-release_1/_build/builds/destdir/x86_64-unknown-linux-gnu --with-gmp=/home/tcwg-buildslave/workspace/tcwg-make-release_1/_build/builds/destdir/x86_64-unknown-linux-gnu --with-gnu-as --with-gnu-ld --disable-libmudflap --enable-lto --enable-shared --without-included-gettext --enable-nls --with-system-zlib --disable-sjlj-exceptions --enable-gnu-unique-object --enable-linker-build-id --disable-libstdcxx-pch --enable-c99 --enable-clocale=gnu --enable-libstdcxx-debug --enable-long-long --with-cloog=no --with-ppl=no --with-isl=no --disable-multilib --with-float=hard --with-fpu=vfpv3-d16 --with-mode=thumb --with-tune=cortex-a9 --with-arch=armv7-a --enable-threads=posix --enable-multiarch --enable-libstdcxx-time=yes --enable-gnu-indirect-function --with-build-sysroot=/home/tcwg-buildslave/workspace/tcwg-make-release_1/_build/sysroots/arm-linux-gnueabihf --with-sysroot=/home/tcwg-buildslave/workspace/tcwg-make-release_1/_build/builds/destdir/x86_64-unknown-linux-gnu/arm-linux-gnueabihf/libc --enable-checking=release --disable-bootstrap --enable-languages=c,c++,fortran,lto --build=x86_64-unknown-linux-gnu --host=x86_64-unknown-linux-gnu --target=arm-linux-gnueabihf --prefix=/home/tcwg-buildslave/workspace/tcwg-make-release_1/_build/builds/destdir/x86_64-unknown-linux-gnu]
  ignore line: [Thread model: posix]
  ignore line: [gcc version 7.5.0 (Linaro GCC 7.5-2019.12) ]
  ignore line: [COLLECT_GCC_OPTIONS='-v' '-o' 'CMakeFiles/cmTC_1ad64.dir/CMakeCCompilerABI.c.o' '-c' '-march=armv7-a' '-mtune=cortex-a9' '-mfloat-abi=hard' '-mfpu=vfpv3-d16' '-mthumb' '-mtls-dialect=gnu']
  ignore line: [ /opt/gcc-linaro-7.5.0-2019.12-x86_64_arm-linux-gnueabihf/bin/../libexec/gcc/arm-linux-gnueabihf/7.5.0/cc1 -quiet -v -imultilib . -imultiarch arm-linux-gnueabihf -iprefix /opt/gcc-linaro-7.5.0-2019.12-x86_64_arm-linux-gnueabihf/bin/../lib/gcc/arm-linux-gnueabihf/7.5.0/ -isysroot /opt/gcc-linaro-7.5.0-2019.12-x86_64_arm-linux-gnueabihf/bin/../arm-linux-gnueabihf/libc /opt/cmake/share/cmake-3.15/Modules/CMakeCCompilerABI.c -quiet -dumpbase CMakeCCompilerABI.c -march=armv7-a -mtune=cortex-a9 -mfloat-abi=hard -mfpu=vfpv3-d16 -mthumb -mtls-dialect=gnu -auxbase-strip CMakeFiles/cmTC_1ad64.dir/CMakeCCompilerABI.c.o -version -o /tmp/cc2MVpmy.s]
  ignore line: [GNU C11 (Linaro GCC 7.5-2019.12) version 7.5.0 (arm-linux-gnueabihf)]
  ignore line: [	compiled by GNU C version 4.8.4, GMP version 6.1.2, MPFR version 3.1.5, MPC version 1.0.3, isl version none]
  ignore line: [GGC heuristics: --param ggc-min-expand=100 --param ggc-min-heapsize=131072]
  ignore line: [ignoring duplicate directory "/opt/gcc-linaro-7.5.0-2019.12-x86_64_arm-linux-gnueabihf/bin/../lib/gcc/../../lib/gcc/arm-linux-gnueabihf/7.5.0/include"]
  ignore line: [ignoring nonexistent directory "/opt/gcc-linaro-7.5.0-2019.12-x86_64_arm-linux-gnueabihf/bin/../arm-linux-gnueabihf/libc/usr/local/include/arm-linux-gnueabihf"]
  ignore line: [ignoring nonexistent directory "/opt/gcc-linaro-7.5.0-2019.12-x86_64_arm-linux-gnueabihf/bin/../arm-linux-gnueabihf/libc/usr/local/include"]
  ignore line: [ignoring duplicate directory "/opt/gcc-linaro-7.5.0-2019.12-x86_64_arm-linux-gnueabihf/bin/../lib/gcc/../../lib/gcc/arm-linux-gnueabihf/7.5.0/include-fixed"]
  ignore line: [ignoring duplicate directory "/opt/gcc-linaro-7.5.0-2019.12-x86_64_arm-linux-gnueabihf/bin/../lib/gcc/../../lib/gcc/arm-linux-gnueabihf/7.5.0/../../../../arm-linux-gnueabihf/include"]
  ignore line: [ignoring nonexistent directory "/opt/gcc-linaro-7.5.0-2019.12-x86_64_arm-linux-gnueabihf/bin/../arm-linux-gnueabihf/libc/usr/include/arm-linux-gnueabihf"]
  ignore line: [#include "..." search starts here:]
  ignore line: [#include <...> search starts here:]
  ignore line: [ /opt/gcc-linaro-7.5.0-2019.12-x86_64_arm-linux-gnueabihf/bin/../lib/gcc/arm-linux-gnueabihf/7.5.0/include]
  ignore line: [ /opt/gcc-linaro-7.5.0-2019.12-x86_64_arm-linux-gnueabihf/bin/../lib/gcc/arm-linux-gnueabihf/7.5.0/include-fixed]
  ignore line: [ /opt/gcc-linaro-7.5.0-2019.12-x86_64_arm-linux-gnueabihf/bin/../lib/gcc/arm-linux-gnueabihf/7.5.0/../../../../arm-linux-gnueabihf/include]
  ignore line: [ /opt/gcc-linaro-7.5.0-2019.12-x86_64_arm-linux-gnueabihf/bin/../arm-linux-gnueabihf/libc/usr/include]
  ignore line: [End of search list.]
  ignore line: [GNU C11 (Linaro GCC 7.5-2019.12) version 7.5.0 (arm-linux-gnueabihf)]
  ignore line: [	compiled by GNU C version 4.8.4, GMP version 6.1.2, MPFR version 3.1.5, MPC version 1.0.3, isl version none]
  ignore line: [GGC heuristics: --param ggc-min-expand=100 --param ggc-min-heapsize=131072]
  ignore line: [Compiler executable checksum: 8fa34e0db50fda66edde212215c67406]
  ignore line: [COLLECT_GCC_OPTIONS='-v' '-o' 'CMakeFiles/cmTC_1ad64.dir/CMakeCCompilerABI.c.o' '-c' '-march=armv7-a' '-mtune=cortex-a9' '-mfloat-abi=hard' '-mfpu=vfpv3-d16' '-mthumb' '-mtls-dialect=gnu']
  ignore line: [ /opt/gcc-linaro-7.5.0-2019.12-x86_64_arm-linux-gnueabihf/bin/../lib/gcc/arm-linux-gnueabihf/7.5.0/../../../../arm-linux-gnueabihf/bin/as -v -march=armv7-a -mfloat-abi=hard -mfpu=vfpv3-d16 -meabi=5 -o CMakeFiles/cmTC_1ad64.dir/CMakeCCompilerABI.c.o /tmp/cc2MVpmy.s]
  ignore line: [GNU assembler version 2.28.2 (arm-linux-gnueabihf) using BFD version (Linaro_Binutils-2019.12) 2.28.2.20170706]
  ignore line: [COMPILER_PATH=/opt/gcc-linaro-7.5.0-2019.12-x86_64_arm-linux-gnueabihf/bin/../libexec/gcc/arm-linux-gnueabihf/7.5.0/:/opt/gcc-linaro-7.5.0-2019.12-x86_64_arm-linux-gnueabihf/bin/../libexec/gcc/arm-linux-gnueabihf/:/opt/gcc-linaro-7.5.0-2019.12-x86_64_arm-linux-gnueabihf/bin/../libexec/gcc/:/opt/gcc-linaro-7.5.0-2019.12-x86_64_arm-linux-gnueabihf/bin/../lib/gcc/arm-linux-gnueabihf/7.5.0/../../../../arm-linux-gnueabihf/bin/]
  ignore line: [LIBRARY_PATH=/opt/gcc-linaro-7.5.0-2019.12-x86_64_arm-linux-gnueabihf/bin/../lib/gcc/arm-linux-gnueabihf/7.5.0/:/opt/gcc-linaro-7.5.0-2019.12-x86_64_arm-linux-gnueabihf/bin/../lib/gcc/arm-linux-gnueabihf/:/opt/gcc-linaro-7.5.0-2019.12-x86_64_arm-linux-gnueabihf/bin/../lib/gcc/:/opt/gcc-linaro-7.5.0-2019.12-x86_64_arm-linux-gnueabihf/bin/../lib/gcc/arm-linux-gnueabihf/7.5.0/../../../../arm-linux-gnueabihf/lib/:/opt/gcc-linaro-7.5.0-2019.12-x86_64_arm-linux-gnueabihf/bin/../arm-linux-gnueabihf/libc/lib/:/opt/gcc-linaro-7.5.0-2019.12-x86_64_arm-linux-gnueabihf/bin/../arm-linux-gnueabihf/libc/usr/lib/]
  ignore line: [COLLECT_GCC_OPTIONS='-v' '-o' 'CMakeFiles/cmTC_1ad64.dir/CMakeCCompilerABI.c.o' '-c' '-march=armv7-a' '-mtune=cortex-a9' '-mfloat-abi=hard' '-mfpu=vfpv3-d16' '-mthumb' '-mtls-dialect=gnu']
  ignore line: [Linking C executable cmTC_1ad64]
  ignore line: [/opt/cmake/bin/cmake -E cmake_link_script CMakeFiles/cmTC_1ad64.dir/link.txt --verbose=1]
  ignore line: [/opt/gcc-linaro-7.5.0-2019.12-x86_64_arm-linux-gnueabihf/bin/arm-linux-gnueabihf-gcc     -v CMakeFiles/cmTC_1ad64.dir/CMakeCCompilerABI.c.o  -o cmTC_1ad64 ]
  ignore line: [Using built-in specs.]
  ignore line: [COLLECT_GCC=/opt/gcc-linaro-7.5.0-2019.12-x86_64_arm-linux-gnueabihf/bin/arm-linux-gnueabihf-gcc]
  ignore line: [COLLECT_LTO_WRAPPER=/opt/gcc-linaro-7.5.0-2019.12-x86_64_arm-linux-gnueabihf/bin/../libexec/gcc/arm-linux-gnueabihf/7.5.0/lto-wrapper]
  ignore line: [Target: arm-linux-gnueabihf]
  ignore line: [Configured with: '/home/tcwg-buildslave/workspace/tcwg-make-release_1/snapshots/gcc.git~linaro-7.5-2019.12/configure' SHELL=/bin/bash --with-mpc=/home/tcwg-buildslave/workspace/tcwg-make-release_1/_build/builds/destdir/x86_64-unknown-linux-gnu --with-mpfr=/home/tcwg-buildslave/workspace/tcwg-make-release_1/_build/builds/destdir/x86_64-unknown-linux-gnu --with-gmp=/home/tcwg-buildslave/workspace/tcwg-make-release_1/_build/builds/destdir/x86_64-unknown-linux-gnu --with-gnu-as --with-gnu-ld --disable-libmudflap --enable-lto --enable-shared --without-included-gettext --enable-nls --with-system-zlib --disable-sjlj-exceptions --enable-gnu-unique-object --enable-linker-build-id --disable-libstdcxx-pch --enable-c99 --enable-clocale=gnu --enable-libstdcxx-debug --enable-long-long --with-cloog=no --with-ppl=no --with-isl=no --disable-multilib --with-float=hard --with-fpu=vfpv3-d16 --with-mode=thumb --with-tune=cortex-a9 --with-arch=armv7-a --enable-threads=posix --enable-multiarch --enable-libstdcxx-time=yes --enable-gnu-indirect-function --with-build-sysroot=/home/tcwg-buildslave/workspace/tcwg-make-release_1/_build/sysroots/arm-linux-gnueabihf --with-sysroot=/home/tcwg-buildslave/workspace/tcwg-make-release_1/_build/builds/destdir/x86_64-unknown-linux-gnu/arm-linux-gnueabihf/libc --enable-checking=release --disable-bootstrap --enable-languages=c,c++,fortran,lto --build=x86_64-unknown-linux-gnu --host=x86_64-unknown-linux-gnu --target=arm-linux-gnueabihf --prefix=/home/tcwg-buildslave/workspace/tcwg-make-release_1/_build/builds/destdir/x86_64-unknown-linux-gnu]
  ignore line: [Thread model: posix]
  ignore line: [gcc version 7.5.0 (Linaro GCC 7.5-2019.12) ]
  ignore line: [COMPILER_PATH=/opt/gcc-linaro-7.5.0-2019.12-x86_64_arm-linux-gnueabihf/bin/../libexec/gcc/arm-linux-gnueabihf/7.5.0/:/opt/gcc-linaro-7.5.0-2019.12-x86_64_arm-linux-gnueabihf/bin/../libexec/gcc/arm-linux-gnueabihf/:/opt/gcc-linaro-7.5.0-2019.12-x86_64_arm-linux-gnueabihf/bin/../libexec/gcc/:/opt/gcc-linaro-7.5.0-2019.12-x86_64_arm-linux-gnueabihf/bin/../lib/gcc/arm-linux-gnueabihf/7.5.0/../../../../arm-linux-gnueabihf/bin/]
  ignore line: [LIBRARY_PATH=/opt/gcc-linaro-7.5.0-2019.12-x86_64_arm-linux-gnueabihf/bin/../lib/gcc/arm-linux-gnueabihf/7.5.0/:/opt/gcc-linaro-7.5.0-2019.12-x86_64_arm-linux-gnueabihf/bin/../lib/gcc/arm-linux-gnueabihf/:/opt/gcc-linaro-7.5.0-2019.12-x86_64_arm-linux-gnueabihf/bin/../lib/gcc/:/opt/gcc-linaro-7.5.0-2019.12-x86_64_arm-linux-gnueabihf/bin/../lib/gcc/arm-linux-gnueabihf/7.5.0/../../../../arm-linux-gnueabihf/lib/:/opt/gcc-linaro-7.5.0-2019.12-x86_64_arm-linux-gnueabihf/bin/../arm-linux-gnueabihf/libc/lib/:/opt/gcc-linaro-7.5.0-2019.12-x86_64_arm-linux-gnueabihf/bin/../arm-linux-gnueabihf/libc/usr/lib/]
  ignore line: [COLLECT_GCC_OPTIONS='-v' '-o' 'cmTC_1ad64' '-march=armv7-a' '-mtune=cortex-a9' '-mfloat-abi=hard' '-mfpu=vfpv3-d16' '-mthumb' '-mtls-dialect=gnu']
  link line: [ /opt/gcc-linaro-7.5.0-2019.12-x86_64_arm-linux-gnueabihf/bin/../libexec/gcc/arm-linux-gnueabihf/7.5.0/collect2 -plugin /opt/gcc-linaro-7.5.0-2019.12-x86_64_arm-linux-gnueabihf/bin/../libexec/gcc/arm-linux-gnueabihf/7.5.0/liblto_plugin.so -plugin-opt=/opt/gcc-linaro-7.5.0-2019.12-x86_64_arm-linux-gnueabihf/bin/../libexec/gcc/arm-linux-gnueabihf/7.5.0/lto-wrapper -plugin-opt=-fresolution=/tmp/ccNCYtXA.res -plugin-opt=-pass-through=-lgcc -plugin-opt=-pass-through=-lgcc_s -plugin-opt=-pass-through=-lc -plugin-opt=-pass-through=-lgcc -plugin-opt=-pass-through=-lgcc_s --sysroot=/opt/gcc-linaro-7.5.0-2019.12-x86_64_arm-linux-gnueabihf/bin/../arm-linux-gnueabihf/libc --build-id --eh-frame-hdr -dynamic-linker /lib/ld-linux-armhf.so.3 -X -m armelf_linux_eabi -o cmTC_1ad64 /opt/gcc-linaro-7.5.0-2019.12-x86_64_arm-linux-gnueabihf/bin/../arm-linux-gnueabihf/libc/usr/lib/crt1.o /opt/gcc-linaro-7.5.0-2019.12-x86_64_arm-linux-gnueabihf/bin/../arm-linux-gnueabihf/libc/usr/lib/crti.o /opt/gcc-linaro-7.5.0-2019.12-x86_64_arm-linux-gnueabihf/bin/../lib/gcc/arm-linux-gnueabihf/7.5.0/crtbegin.o -L/opt/gcc-linaro-7.5.0-2019.12-x86_64_arm-linux-gnueabihf/bin/../lib/gcc/arm-linux-gnueabihf/7.5.0 -L/opt/gcc-linaro-7.5.0-2019.12-x86_64_arm-linux-gnueabihf/bin/../lib/gcc/arm-linux-gnueabihf -L/opt/gcc-linaro-7.5.0-2019.12-x86_64_arm-linux-gnueabihf/bin/../lib/gcc -L/opt/gcc-linaro-7.5.0-2019.12-x86_64_arm-linux-gnueabihf/bin/../lib/gcc/arm-linux-gnueabihf/7.5.0/../../../../arm-linux-gnueabihf/lib -L/opt/gcc-linaro-7.5.0-2019.12-x86_64_arm-linux-gnueabihf/bin/../arm-linux-gnueabihf/libc/lib -L/opt/gcc-linaro-7.5.0-2019.12-x86_64_arm-linux-gnueabihf/bin/../arm-linux-gnueabihf/libc/usr/lib CMakeFiles/cmTC_1ad64.dir/CMakeCCompilerABI.c.o -lgcc --as-needed -lgcc_s --no-as-needed -lc -lgcc --as-needed -lgcc_s --no-as-needed /opt/gcc-linaro-7.5.0-2019.12-x86_64_arm-linux-gnueabihf/bin/../lib/gcc/arm-linux-gnueabihf/7.5.0/crtend.o /opt/gcc-linaro-7.5.0-2019.12-x86_64_arm-linux-gnueabihf/bin/../arm-linux-gnueabihf/libc/usr/lib/crtn.o]
    arg [/opt/gcc-linaro-7.5.0-2019.12-x86_64_arm-linux-gnueabihf/bin/../libexec/gcc/arm-linux-gnueabihf/7.5.0/collect2] ==> ignore
    arg [-plugin] ==> ignore
    arg [/opt/gcc-linaro-7.5.0-2019.12-x86_64_arm-linux-gnueabihf/bin/../libexec/gcc/arm-linux-gnueabihf/7.5.0/liblto_plugin.so] ==> ignore
    arg [-plugin-opt=/opt/gcc-linaro-7.5.0-2019.12-x86_64_arm-linux-gnueabihf/bin/../libexec/gcc/arm-linux-gnueabihf/7.5.0/lto-wrapper] ==> ignore
    arg [-plugin-opt=-fresolution=/tmp/ccNCYtXA.res] ==> ignore
    arg [-plugin-opt=-pass-through=-lgcc] ==> ignore
    arg [-plugin-opt=-pass-through=-lgcc_s] ==> ignore
    arg [-plugin-opt=-pass-through=-lc] ==> ignore
    arg [-plugin-opt=-pass-through=-lgcc] ==> ignore
    arg [-plugin-opt=-pass-through=-lgcc_s] ==> ignore
    arg [--sysroot=/opt/gcc-linaro-7.5.0-2019.12-x86_64_arm-linux-gnueabihf/bin/../arm-linux-gnueabihf/libc] ==> ignore
    arg [--build-id] ==> ignore
    arg [--eh-frame-hdr] ==> ignore
    arg [-dynamic-linker] ==> ignore
    arg [/lib/ld-linux-armhf.so.3] ==> ignore
    arg [-X] ==> ignore
    arg [-m] ==> ignore
    arg [armelf_linux_eabi] ==> ignore
    arg [-o] ==> ignore
    arg [cmTC_1ad64] ==> ignore
    arg [/opt/gcc-linaro-7.5.0-2019.12-x86_64_arm-linux-gnueabihf/bin/../arm-linux-gnueabihf/libc/usr/lib/crt1.o] ==> ignore
    arg [/opt/gcc-linaro-7.5.0-2019.12-x86_64_arm-linux-gnueabihf/bin/../arm-linux-gnueabihf/libc/usr/lib/crti.o] ==> ignore
    arg [/opt/gcc-linaro-7.5.0-2019.12-x86_64_arm-linux-gnueabihf/bin/../lib/gcc/arm-linux-gnueabihf/7.5.0/crtbegin.o] ==> ignore
    arg [-L/opt/gcc-linaro-7.5.0-2019.12-x86_64_arm-linux-gnueabihf/bin/../lib/gcc/arm-linux-gnueabihf/7.5.0] ==> dir [/opt/gcc-linaro-7.5.0-2019.12-x86_64_arm-linux-gnueabihf/bin/../lib/gcc/arm-linux-gnueabihf/7.5.0]
    arg [-L/opt/gcc-linaro-7.5.0-2019.12-x86_64_arm-linux-gnueabihf/bin/../lib/gcc/arm-linux-gnueabihf] ==> dir [/opt/gcc-linaro-7.5.0-2019.12-x86_64_arm-linux-gnueabihf/bin/../lib/gcc/arm-linux-gnueabihf]
    arg [-L/opt/gcc-linaro-7.5.0-2019.12-x86_64_arm-linux-gnueabihf/bin/../lib/gcc] ==> dir [/opt/gcc-linaro-7.5.0-2019.12-x86_64_arm-linux-gnueabihf/bin/../lib/gcc]
    arg [-L/opt/gcc-linaro-7.5.0-2019.12-x86_64_arm-linux-gnueabihf/bin/../lib/gcc/arm-linux-gnueabihf/7.5.0/../../../../arm-linux-gnueabihf/lib] ==> dir [/opt/gcc-linaro-7.5.0-2019.12-x86_64_arm-linux-gnueabihf/bin/../lib/gcc/arm-linux-gnueabihf/7.5.0/../../../../arm-linux-gnueabihf/lib]
    arg [-L/opt/gcc-linaro-7.5.0-2019.12-x86_64_arm-linux-gnueabihf/bin/../arm-linux-gnueabihf/libc/lib] ==> dir [/opt/gcc-linaro-7.5.0-2019.12-x86_64_arm-linux-gnueabihf/bin/../arm-linux-gnueabihf/libc/lib]
    arg [-L/opt/gcc-linaro-7.5.0-2019.12-x86_64_arm-linux-gnueabihf/bin/../arm-linux-gnueabihf/libc/usr/lib] ==> dir [/opt/gcc-linaro-7.5.0-2019.12-x86_64_arm-linux-gnueabihf/bin/../arm-linux-gnueabihf/libc/usr/lib]
    arg [CMakeFiles/cmTC_1ad64.dir/CMakeCCompilerABI.c.o] ==> ignore
    arg [-lgcc] ==> lib [gcc]
    arg [--as-needed] ==> ignore
    arg [-lgcc_s] ==> lib [gcc_s]
    arg [--no-as-needed] ==> ignore
    arg [-lc] ==> lib [c]
    arg [-lgcc] ==> lib [gcc]
    arg [--as-needed] ==> ignore
    arg [-lgcc_s] ==> lib [gcc_s]
    arg [--no-as-needed] ==> ignore
    arg [/opt/gcc-linaro-7.5.0-2019.12-x86_64_arm-linux-gnueabihf/bin/../lib/gcc/arm-linux-gnueabihf/7.5.0/crtend.o] ==> ignore
    arg [/opt/gcc-linaro-7.5.0-2019.12-x86_64_arm-linux-gnueabihf/bin/../arm-linux-gnueabihf/libc/usr/lib/crtn.o] ==> ignore
  collapse library dir [/opt/gcc-linaro-7.5.0-2019.12-x86_64_arm-linux-gnueabihf/bin/../lib/gcc/arm-linux-gnueabihf/7.5.0] ==> [/opt/gcc-linaro-7.5.0-2019.12-x86_64_arm-linux-gnueabihf/lib/gcc/arm-linux-gnueabihf/7.5.0]
  collapse library dir [/opt/gcc-linaro-7.5.0-2019.12-x86_64_arm-linux-gnueabihf/bin/../lib/gcc/arm-linux-gnueabihf] ==> [/opt/gcc-linaro-7.5.0-2019.12-x86_64_arm-linux-gnueabihf/lib/gcc/arm-linux-gnueabihf]
  collapse library dir [/opt/gcc-linaro-7.5.0-2019.12-x86_64_arm-linux-gnueabihf/bin/../lib/gcc] ==> [/opt/gcc-linaro-7.5.0-2019.12-x86_64_arm-linux-gnueabihf/lib/gcc]
  collapse library dir [/opt/gcc-linaro-7.5.0-2019.12-x86_64_arm-linux-gnueabihf/bin/../lib/gcc/arm-linux-gnueabihf/7.5.0/../../../../arm-linux-gnueabihf/lib] ==> [/opt/gcc-linaro-7.5.0-2019.12-x86_64_arm-linux-gnueabihf/arm-linux-gnueabihf/lib]
  collapse library dir [/opt/gcc-linaro-7.5.0-2019.12-x86_64_arm-linux-gnueabihf/bin/../arm-linux-gnueabihf/libc/lib] ==> [/opt/gcc-linaro-7.5.0-2019.12-x86_64_arm-linux-gnueabihf/arm-linux-gnueabihf/libc/lib]
  collapse library dir [/opt/gcc-linaro-7.5.0-2019.12-x86_64_arm-linux-gnueabihf/bin/../arm-linux-gnueabihf/libc/usr/lib] ==> [/opt/gcc-linaro-7.5.0-2019.12-x86_64_arm-linux-gnueabihf/arm-linux-gnueabihf/libc/usr/lib]
  implicit libs: [gcc;gcc_s;c;gcc;gcc_s]
  implicit dirs: [/opt/gcc-linaro-7.5.0-2019.12-x86_64_arm-linux-gnueabihf/lib/gcc/arm-linux-gnueabihf/7.5.0;/opt/gcc-linaro-7.5.0-2019.12-x86_64_arm-linux-gnueabihf/lib/gcc/arm-linux-gnueabihf;/opt/gcc-linaro-7.5.0-2019.12-x86_64_arm-linux-gnueabihf/lib/gcc;/opt/gcc-linaro-7.5.0-2019.12-x86_64_arm-linux-gnueabihf/arm-linux-gnueabihf/lib;/opt/gcc-linaro-7.5.0-2019.12-x86_64_arm-linux-gnueabihf/arm-linux-gnueabihf/libc/lib;/opt/gcc-linaro-7.5.0-2019.12-x86_64_arm-linux-gnueabihf/arm-linux-gnueabihf/libc/usr/lib]
  implicit fwks: []


Determining if the CXX compiler works passed with the following output:
Change Dir: /home/zzh/Desktop/ax-pipeline/build/CMakeFiles/CMakeTmp

Run Build Command(s):/usr/bin/make cmTC_da802/fast && /usr/bin/make -f CMakeFiles/cmTC_da802.dir/build.make CMakeFiles/cmTC_da802.dir/build
make[1]: Entering directory '/home/zzh/Desktop/ax-pipeline/build/CMakeFiles/CMakeTmp'
Building CXX object CMakeFiles/cmTC_da802.dir/testCXXCompiler.cxx.o
/opt/gcc-linaro-7.5.0-2019.12-x86_64_arm-linux-gnueabihf/bin/arm-linux-gnueabihf-g++     -o CMakeFiles/cmTC_da802.dir/testCXXCompiler.cxx.o -c /home/zzh/Desktop/ax-pipeline/build/CMakeFiles/CMakeTmp/testCXXCompiler.cxx
Linking CXX executable cmTC_da802
/opt/cmake/bin/cmake -E cmake_link_script CMakeFiles/cmTC_da802.dir/link.txt --verbose=1
/opt/gcc-linaro-7.5.0-2019.12-x86_64_arm-linux-gnueabihf/bin/arm-linux-gnueabihf-g++       CMakeFiles/cmTC_da802.dir/testCXXCompiler.cxx.o  -o cmTC_da802 
make[1]: Leaving directory '/home/zzh/Desktop/ax-pipeline/build/CMakeFiles/CMakeTmp'



Detecting CXX compiler ABI info compiled with the following output:
Change Dir: /home/zzh/Desktop/ax-pipeline/build/CMakeFiles/CMakeTmp

Run Build Command(s):/usr/bin/make cmTC_a9ba2/fast && /usr/bin/make -f CMakeFiles/cmTC_a9ba2.dir/build.make CMakeFiles/cmTC_a9ba2.dir/build
make[1]: Entering directory '/home/zzh/Desktop/ax-pipeline/build/CMakeFiles/CMakeTmp'
Building CXX object CMakeFiles/cmTC_a9ba2.dir/CMakeCXXCompilerABI.cpp.o
/opt/gcc-linaro-7.5.0-2019.12-x86_64_arm-linux-gnueabihf/bin/arm-linux-gnueabihf-g++    -v -o CMakeFiles/cmTC_a9ba2.dir/CMakeCXXCompilerABI.cpp.o -c /opt/cmake/share/cmake-3.15/Modules/CMakeCXXCompilerABI.cpp
Using built-in specs.
COLLECT_GCC=/opt/gcc-linaro-7.5.0-2019.12-x86_64_arm-linux-gnueabihf/bin/arm-linux-gnueabihf-g++
Target: arm-linux-gnueabihf
Configured with: '/home/tcwg-buildslave/workspace/tcwg-make-release_1/snapshots/gcc.git~linaro-7.5-2019.12/configure' SHELL=/bin/bash --with-mpc=/home/tcwg-buildslave/workspace/tcwg-make-release_1/_build/builds/destdir/x86_64-unknown-linux-gnu --with-mpfr=/home/tcwg-buildslave/workspace/tcwg-make-release_1/_build/builds/destdir/x86_64-unknown-linux-gnu --with-gmp=/home/tcwg-buildslave/workspace/tcwg-make-release_1/_build/builds/destdir/x86_64-unknown-linux-gnu --with-gnu-as --with-gnu-ld --disable-libmudflap --enable-lto --enable-shared --without-included-gettext --enable-nls --with-system-zlib --disable-sjlj-exceptions --enable-gnu-unique-object --enable-linker-build-id --disable-libstdcxx-pch --enable-c99 --enable-clocale=gnu --enable-libstdcxx-debug --enable-long-long --with-cloog=no --with-ppl=no --with-isl=no --disable-multilib --with-float=hard --with-fpu=vfpv3-d16 --with-mode=thumb --with-tune=cortex-a9 --with-arch=armv7-a --enable-threads=posix --enable-multiarch --enable-libstdcxx-time=yes --enable-gnu-indirect-function --with-build-sysroot=/home/tcwg-buildslave/workspace/tcwg-make-release_1/_build/sysroots/arm-linux-gnueabihf --with-sysroot=/home/tcwg-buildslave/workspace/tcwg-make-release_1/_build/builds/destdir/x86_64-unknown-linux-gnu/arm-linux-gnueabihf/libc --enable-checking=release --disable-bootstrap --enable-languages=c,c++,fortran,lto --build=x86_64-unknown-linux-gnu --host=x86_64-unknown-linux-gnu --target=arm-linux-gnueabihf --prefix=/home/tcwg-buildslave/workspace/tcwg-make-release_1/_build/builds/destdir/x86_64-unknown-linux-gnu
Thread model: posix
gcc version 7.5.0 (Linaro GCC 7.5-2019.12) 
COLLECT_GCC_OPTIONS='-v' '-o' 'CMakeFiles/cmTC_a9ba2.dir/CMakeCXXCompilerABI.cpp.o' '-c' '-shared-libgcc' '-march=armv7-a' '-mtune=cortex-a9' '-mfloat-abi=hard' '-mfpu=vfpv3-d16' '-mthumb' '-mtls-dialect=gnu'
 /opt/gcc-linaro-7.5.0-2019.12-x86_64_arm-linux-gnueabihf/bin/../libexec/gcc/arm-linux-gnueabihf/7.5.0/cc1plus -quiet -v -imultilib . -imultiarch arm-linux-gnueabihf -iprefix /opt/gcc-linaro-7.5.0-2019.12-x86_64_arm-linux-gnueabihf/bin/../lib/gcc/arm-linux-gnueabihf/7.5.0/ -isysroot /opt/gcc-linaro-7.5.0-2019.12-x86_64_arm-linux-gnueabihf/bin/../arm-linux-gnueabihf/libc -D_GNU_SOURCE /opt/cmake/share/cmake-3.15/Modules/CMakeCXXCompilerABI.cpp -quiet -dumpbase CMakeCXXCompilerABI.cpp -march=armv7-a -mtune=cortex-a9 -mfloat-abi=hard -mfpu=vfpv3-d16 -mthumb -mtls-dialect=gnu -auxbase-strip CMakeFiles/cmTC_a9ba2.dir/CMakeCXXCompilerABI.cpp.o -version -o /tmp/ccjEKepx.s
GNU C++14 (Linaro GCC 7.5-2019.12) version 7.5.0 (arm-linux-gnueabihf)
	compiled by GNU C version 4.8.4, GMP version 6.1.2, MPFR version 3.1.5, MPC version 1.0.3, isl version none
GGC heuristics: --param ggc-min-expand=100 --param ggc-min-heapsize=131072
ignoring duplicate directory "/opt/gcc-linaro-7.5.0-2019.12-x86_64_arm-linux-gnueabihf/bin/../lib/gcc/../../lib/gcc/arm-linux-gnueabihf/7.5.0/../../../../arm-linux-gnueabihf/include/c++/7.5.0"
ignoring duplicate directory "/opt/gcc-linaro-7.5.0-2019.12-x86_64_arm-linux-gnueabihf/bin/../lib/gcc/../../lib/gcc/arm-linux-gnueabihf/7.5.0/../../../../arm-linux-gnueabihf/include/c++/7.5.0/arm-linux-gnueabihf/."
ignoring duplicate directory "/opt/gcc-linaro-7.5.0-2019.12-x86_64_arm-linux-gnueabihf/bin/../lib/gcc/../../lib/gcc/arm-linux-gnueabihf/7.5.0/../../../../arm-linux-gnueabihf/include/c++/7.5.0/backward"
ignoring duplicate directory "/opt/gcc-linaro-7.5.0-2019.12-x86_64_arm-linux-gnueabihf/bin/../lib/gcc/../../lib/gcc/arm-linux-gnueabihf/7.5.0/include"
ignoring nonexistent directory "/opt/gcc-linaro-7.5.0-2019.12-x86_64_arm-linux-gnueabihf/bin/../arm-linux-gnueabihf/libc/usr/local/include/arm-linux-gnueabihf"
ignoring nonexistent directory "/opt/gcc-linaro-7.5.0-2019.12-x86_64_arm-linux-gnueabihf/bin/../arm-linux-gnueabihf/libc/usr/local/include"
ignoring duplicate directory "/opt/gcc-linaro-7.5.0-2019.12-x86_64_arm-linux-gnueabihf/bin/../lib/gcc/../../lib/gcc/arm-linux-gnueabihf/7.5.0/include-fixed"
ignoring duplicate directory "/opt/gcc-linaro-7.5.0-2019.12-x86_64_arm-linux-gnueabihf/bin/../lib/gcc/../../lib/gcc/arm-linux-gnueabihf/7.5.0/../../../../arm-linux-gnueabihf/include"
ignoring nonexistent directory "/opt/gcc-linaro-7.5.0-2019.12-x86_64_arm-linux-gnueabihf/bin/../arm-linux-gnueabihf/libc/usr/include/arm-linux-gnueabihf"
#include "..." search starts here:
#include <...> search starts here:
 /opt/gcc-linaro-7.5.0-2019.12-x86_64_arm-linux-gnueabihf/bin/../lib/gcc/arm-linux-gnueabihf/7.5.0/../../../../arm-linux-gnueabihf/include/c++/7.5.0
 /opt/gcc-linaro-7.5.0-2019.12-x86_64_arm-linux-gnueabihf/bin/../lib/gcc/arm-linux-gnueabihf/7.5.0/../../../../arm-linux-gnueabihf/include/c++/7.5.0/arm-linux-gnueabihf/.
 /opt/gcc-linaro-7.5.0-2019.12-x86_64_arm-linux-gnueabihf/bin/../lib/gcc/arm-linux-gnueabihf/7.5.0/../../../../arm-linux-gnueabihf/include/c++/7.5.0/backward
 /opt/gcc-linaro-7.5.0-2019.12-x86_64_arm-linux-gnueabihf/bin/../lib/gcc/arm-linux-gnueabihf/7.5.0/include
 /opt/gcc-linaro-7.5.0-2019.12-x86_64_arm-linux-gnueabihf/bin/../lib/gcc/arm-linux-gnueabihf/7.5.0/include-fixed
 /opt/gcc-linaro-7.5.0-2019.12-x86_64_arm-linux-gnueabihf/bin/../lib/gcc/arm-linux-gnueabihf/7.5.0/../../../../arm-linux-gnueabihf/include
 /opt/gcc-linaro-7.5.0-2019.12-x86_64_arm-linux-gnueabihf/bin/../arm-linux-gnueabihf/libc/usr/include
End of search list.
GNU C++14 (Linaro GCC 7.5-2019.12) version 7.5.0 (arm-linux-gnueabihf)
	compiled by GNU C version 4.8.4, GMP version 6.1.2, MPFR version 3.1.5, MPC version 1.0.3, isl version none
GGC heuristics: --param ggc-min-expand=100 --param ggc-min-heapsize=131072
Compiler executable checksum: 09c4458dd3b9a3a0ab3c0b9fc8f5d562
COLLECT_GCC_OPTIONS='-v' '-o' 'CMakeFiles/cmTC_a9ba2.dir/CMakeCXXCompilerABI.cpp.o' '-c' '-shared-libgcc' '-march=armv7-a' '-mtune=cortex-a9' '-mfloat-abi=hard' '-mfpu=vfpv3-d16' '-mthumb' '-mtls-dialect=gnu'
 /opt/gcc-linaro-7.5.0-2019.12-x86_64_arm-linux-gnueabihf/bin/../lib/gcc/arm-linux-gnueabihf/7.5.0/../../../../arm-linux-gnueabihf/bin/as -v -march=armv7-a -mfloat-abi=hard -mfpu=vfpv3-d16 -meabi=5 -o CMakeFiles/cmTC_a9ba2.dir/CMakeCXXCompilerABI.cpp.o /tmp/ccjEKepx.s
GNU assembler version 2.28.2 (arm-linux-gnueabihf) using BFD version (Linaro_Binutils-2019.12) 2.28.2.20170706
COMPILER_PATH=/opt/gcc-linaro-7.5.0-2019.12-x86_64_arm-linux-gnueabihf/bin/../libexec/gcc/arm-linux-gnueabihf/7.5.0/:/opt/gcc-linaro-7.5.0-2019.12-x86_64_arm-linux-gnueabihf/bin/../libexec/gcc/arm-linux-gnueabihf/:/opt/gcc-linaro-7.5.0-2019.12-x86_64_arm-linux-gnueabihf/bin/../libexec/gcc/:/opt/gcc-linaro-7.5.0-2019.12-x86_64_arm-linux-gnueabihf/bin/../lib/gcc/arm-linux-gnueabihf/7.5.0/../../../../arm-linux-gnueabihf/bin/
LIBRARY_PATH=/opt/gcc-linaro-7.5.0-2019.12-x86_64_arm-linux-gnueabihf/bin/../lib/gcc/arm-linux-gnueabihf/7.5.0/:/opt/gcc-linaro-7.5.0-2019.12-x86_64_arm-linux-gnueabihf/bin/../lib/gcc/arm-linux-gnueabihf/:/opt/gcc-linaro-7.5.0-2019.12-x86_64_arm-linux-gnueabihf/bin/../lib/gcc/:/opt/gcc-linaro-7.5.0-2019.12-x86_64_arm-linux-gnueabihf/bin/../lib/gcc/arm-linux-gnueabihf/7.5.0/../../../../arm-linux-gnueabihf/lib/:/opt/gcc-linaro-7.5.0-2019.12-x86_64_arm-linux-gnueabihf/bin/../arm-linux-gnueabihf/libc/lib/:/opt/gcc-linaro-7.5.0-2019.12-x86_64_arm-linux-gnueabihf/bin/../arm-linux-gnueabihf/libc/usr/lib/
COLLECT_GCC_OPTIONS='-v' '-o' 'CMakeFiles/cmTC_a9ba2.dir/CMakeCXXCompilerABI.cpp.o' '-c' '-shared-libgcc' '-march=armv7-a' '-mtune=cortex-a9' '-mfloat-abi=hard' '-mfpu=vfpv3-d16' '-mthumb' '-mtls-dialect=gnu'
Linking CXX executable cmTC_a9ba2
/opt/cmake/bin/cmake -E cmake_link_script CMakeFiles/cmTC_a9ba2.dir/link.txt --verbose=1
/opt/gcc-linaro-7.5.0-2019.12-x86_64_arm-linux-gnueabihf/bin/arm-linux-gnueabihf-g++      -v CMakeFiles/cmTC_a9ba2.dir/CMakeCXXCompilerABI.cpp.o  -o cmTC_a9ba2 
Using built-in specs.
COLLECT_GCC=/opt/gcc-linaro-7.5.0-2019.12-x86_64_arm-linux-gnueabihf/bin/arm-linux-gnueabihf-g++
COLLECT_LTO_WRAPPER=/opt/gcc-linaro-7.5.0-2019.12-x86_64_arm-linux-gnueabihf/bin/../libexec/gcc/arm-linux-gnueabihf/7.5.0/lto-wrapper
Target: arm-linux-gnueabihf
Configured with: '/home/tcwg-buildslave/workspace/tcwg-make-release_1/snapshots/gcc.git~linaro-7.5-2019.12/configure' SHELL=/bin/bash --with-mpc=/home/tcwg-buildslave/workspace/tcwg-make-release_1/_build/builds/destdir/x86_64-unknown-linux-gnu --with-mpfr=/home/tcwg-buildslave/workspace/tcwg-make-release_1/_build/builds/destdir/x86_64-unknown-linux-gnu --with-gmp=/home/tcwg-buildslave/workspace/tcwg-make-release_1/_build/builds/destdir/x86_64-unknown-linux-gnu --with-gnu-as --with-gnu-ld --disable-libmudflap --enable-lto --enable-shared --without-included-gettext --enable-nls --with-system-zlib --disable-sjlj-exceptions --enable-gnu-unique-object --enable-linker-build-id --disable-libstdcxx-pch --enable-c99 --enable-clocale=gnu --enable-libstdcxx-debug --enable-long-long --with-cloog=no --with-ppl=no --with-isl=no --disable-multilib --with-float=hard --with-fpu=vfpv3-d16 --with-mode=thumb --with-tune=cortex-a9 --with-arch=armv7-a --enable-threads=posix --enable-multiarch --enable-libstdcxx-time=yes --enable-gnu-indirect-function --with-build-sysroot=/home/tcwg-buildslave/workspace/tcwg-make-release_1/_build/sysroots/arm-linux-gnueabihf --with-sysroot=/home/tcwg-buildslave/workspace/tcwg-make-release_1/_build/builds/destdir/x86_64-unknown-linux-gnu/arm-linux-gnueabihf/libc --enable-checking=release --disable-bootstrap --enable-languages=c,c++,fortran,lto --build=x86_64-unknown-linux-gnu --host=x86_64-unknown-linux-gnu --target=arm-linux-gnueabihf --prefix=/home/tcwg-buildslave/workspace/tcwg-make-release_1/_build/builds/destdir/x86_64-unknown-linux-gnu
Thread model: posix
gcc version 7.5.0 (Linaro GCC 7.5-2019.12) 
COMPILER_PATH=/opt/gcc-linaro-7.5.0-2019.12-x86_64_arm-linux-gnueabihf/bin/../libexec/gcc/arm-linux-gnueabihf/7.5.0/:/opt/gcc-linaro-7.5.0-2019.12-x86_64_arm-linux-gnueabihf/bin/../libexec/gcc/arm-linux-gnueabihf/:/opt/gcc-linaro-7.5.0-2019.12-x86_64_arm-linux-gnueabihf/bin/../libexec/gcc/:/opt/gcc-linaro-7.5.0-2019.12-x86_64_arm-linux-gnueabihf/bin/../lib/gcc/arm-linux-gnueabihf/7.5.0/../../../../arm-linux-gnueabihf/bin/
LIBRARY_PATH=/opt/gcc-linaro-7.5.0-2019.12-x86_64_arm-linux-gnueabihf/bin/../lib/gcc/arm-linux-gnueabihf/7.5.0/:/opt/gcc-linaro-7.5.0-2019.12-x86_64_arm-linux-gnueabihf/bin/../lib/gcc/arm-linux-gnueabihf/:/opt/gcc-linaro-7.5.0-2019.12-x86_64_arm-linux-gnueabihf/bin/../lib/gcc/:/opt/gcc-linaro-7.5.0-2019.12-x86_64_arm-linux-gnueabihf/bin/../lib/gcc/arm-linux-gnueabihf/7.5.0/../../../../arm-linux-gnueabihf/lib/:/opt/gcc-linaro-7.5.0-2019.12-x86_64_arm-linux-gnueabihf/bin/../arm-linux-gnueabihf/libc/lib/:/opt/gcc-linaro-7.5.0-2019.12-x86_64_arm-linux-gnueabihf/bin/../arm-linux-gnueabihf/libc/usr/lib/
COLLECT_GCC_OPTIONS='-v' '-o' 'cmTC_a9ba2' '-shared-libgcc' '-march=armv7-a' '-mtune=cortex-a9' '-mfloat-abi=hard' '-mfpu=vfpv3-d16' '-mthumb' '-mtls-dialect=gnu'
 /opt/gcc-linaro-7.5.0-2019.12-x86_64_arm-linux-gnueabihf/bin/../libexec/gcc/arm-linux-gnueabihf/7.5.0/collect2 -plugin /opt/gcc-linaro-7.5.0-2019.12-x86_64_arm-linux-gnueabihf/bin/../libexec/gcc/arm-linux-gnueabihf/7.5.0/liblto_plugin.so -plugin-opt=/opt/gcc-linaro-7.5.0-2019.12-x86_64_arm-linux-gnueabihf/bin/../libexec/gcc/arm-linux-gnueabihf/7.5.0/lto-wrapper -plugin-opt=-fresolution=/tmp/cc2K2R4A.res -plugin-opt=-pass-through=-lgcc_s -plugin-opt=-pass-through=-lgcc -plugin-opt=-pass-through=-lc -plugin-opt=-pass-through=-lgcc_s -plugin-opt=-pass-through=-lgcc --sysroot=/opt/gcc-linaro-7.5.0-2019.12-x86_64_arm-linux-gnueabihf/bin/../arm-linux-gnueabihf/libc --build-id --eh-frame-hdr -dynamic-linker /lib/ld-linux-armhf.so.3 -X -m armelf_linux_eabi -o cmTC_a9ba2 /opt/gcc-linaro-7.5.0-2019.12-x86_64_arm-linux-gnueabihf/bin/../arm-linux-gnueabihf/libc/usr/lib/crt1.o /opt/gcc-linaro-7.5.0-2019.12-x86_64_arm-linux-gnueabihf/bin/../arm-linux-gnueabihf/libc/usr/lib/crti.o /opt/gcc-linaro-7.5.0-2019.12-x86_64_arm-linux-gnueabihf/bin/../lib/gcc/arm-linux-gnueabihf/7.5.0/crtbegin.o -L/opt/gcc-linaro-7.5.0-2019.12-x86_64_arm-linux-gnueabihf/bin/../lib/gcc/arm-linux-gnueabihf/7.5.0 -L/opt/gcc-linaro-7.5.0-2019.12-x86_64_arm-linux-gnueabihf/bin/../lib/gcc/arm-linux-gnueabihf -L/opt/gcc-linaro-7.5.0-2019.12-x86_64_arm-linux-gnueabihf/bin/../lib/gcc -L/opt/gcc-linaro-7.5.0-2019.12-x86_64_arm-linux-gnueabihf/bin/../lib/gcc/arm-linux-gnueabihf/7.5.0/../../../../arm-linux-gnueabihf/lib -L/opt/gcc-linaro-7.5.0-2019.12-x86_64_arm-linux-gnueabihf/bin/../arm-linux-gnueabihf/libc/lib -L/opt/gcc-linaro-7.5.0-2019.12-x86_64_arm-linux-gnueabihf/bin/../arm-linux-gnueabihf/libc/usr/lib CMakeFiles/cmTC_a9ba2.dir/CMakeCXXCompilerABI.cpp.o -lstdc++ -lm -lgcc_s -lgcc -lc -lgcc_s -lgcc /opt/gcc-linaro-7.5.0-2019.12-x86_64_arm-linux-gnueabihf/bin/../lib/gcc/arm-linux-gnueabihf/7.5.0/crtend.o /opt/gcc-linaro-7.5.0-2019.12-x86_64_arm-linux-gnueabihf/bin/../arm-linux-gnueabihf/libc/usr/lib/crtn.o
COLLECT_GCC_OPTIONS='-v' '-o' 'cmTC_a9ba2' '-shared-libgcc' '-march=armv7-a' '-mtune=cortex-a9' '-mfloat-abi=hard' '-mfpu=vfpv3-d16' '-mthumb' '-mtls-dialect=gnu'
make[1]: Leaving directory '/home/zzh/Desktop/ax-pipeline/build/CMakeFiles/CMakeTmp'



Parsed CXX implicit include dir info from above output: rv=done
  found start of include info
  found start of implicit include info
    add: [/opt/gcc-linaro-7.5.0-2019.12-x86_64_arm-linux-gnueabihf/bin/../lib/gcc/arm-linux-gnueabihf/7.5.0/../../../../arm-linux-gnueabihf/include/c++/7.5.0]
    add: [/opt/gcc-linaro-7.5.0-2019.12-x86_64_arm-linux-gnueabihf/bin/../lib/gcc/arm-linux-gnueabihf/7.5.0/../../../../arm-linux-gnueabihf/include/c++/7.5.0/arm-linux-gnueabihf/.]
    add: [/opt/gcc-linaro-7.5.0-2019.12-x86_64_arm-linux-gnueabihf/bin/../lib/gcc/arm-linux-gnueabihf/7.5.0/../../../../arm-linux-gnueabihf/include/c++/7.5.0/backward]
    add: [/opt/gcc-linaro-7.5.0-2019.12-x86_64_arm-linux-gnueabihf/bin/../lib/gcc/arm-linux-gnueabihf/7.5.0/include]
    add: [/opt/gcc-linaro-7.5.0-2019.12-x86_64_arm-linux-gnueabihf/bin/../lib/gcc/arm-linux-gnueabihf/7.5.0/include-fixed]
    add: [/opt/gcc-linaro-7.5.0-2019.12-x86_64_arm-linux-gnueabihf/bin/../lib/gcc/arm-linux-gnueabihf/7.5.0/../../../../arm-linux-gnueabihf/include]
    add: [/opt/gcc-linaro-7.5.0-2019.12-x86_64_arm-linux-gnueabihf/bin/../arm-linux-gnueabihf/libc/usr/include]
  end of search list found
  collapse include dir [/opt/gcc-linaro-7.5.0-2019.12-x86_64_arm-linux-gnueabihf/bin/../lib/gcc/arm-linux-gnueabihf/7.5.0/../../../../arm-linux-gnueabihf/include/c++/7.5.0] ==> [/opt/gcc-linaro-7.5.0-2019.12-x86_64_arm-linux-gnueabihf/arm-linux-gnueabihf/include/c++/7.5.0]
  collapse include dir [/opt/gcc-linaro-7.5.0-2019.12-x86_64_arm-linux-gnueabihf/bin/../lib/gcc/arm-linux-gnueabihf/7.5.0/../../../../arm-linux-gnueabihf/include/c++/7.5.0/arm-linux-gnueabihf/.] ==> [/opt/gcc-linaro-7.5.0-2019.12-x86_64_arm-linux-gnueabihf/arm-linux-gnueabihf/include/c++/7.5.0/arm-linux-gnueabihf]
  collapse include dir [/opt/gcc-linaro-7.5.0-2019.12-x86_64_arm-linux-gnueabihf/bin/../lib/gcc/arm-linux-gnueabihf/7.5.0/../../../../arm-linux-gnueabihf/include/c++/7.5.0/backward] ==> [/opt/gcc-linaro-7.5.0-2019.12-x86_64_arm-linux-gnueabihf/arm-linux-gnueabihf/include/c++/7.5.0/backward]
  collapse include dir [/opt/gcc-linaro-7.5.0-2019.12-x86_64_arm-linux-gnueabihf/bin/../lib/gcc/arm-linux-gnueabihf/7.5.0/include] ==> [/opt/gcc-linaro-7.5.0-2019.12-x86_64_arm-linux-gnueabihf/lib/gcc/arm-linux-gnueabihf/7.5.0/include]
  collapse include dir [/opt/gcc-linaro-7.5.0-2019.12-x86_64_arm-linux-gnueabihf/bin/../lib/gcc/arm-linux-gnueabihf/7.5.0/include-fixed] ==> [/opt/gcc-linaro-7.5.0-2019.12-x86_64_arm-linux-gnueabihf/lib/gcc/arm-linux-gnueabihf/7.5.0/include-fixed]
  collapse include dir [/opt/gcc-linaro-7.5.0-2019.12-x86_64_arm-linux-gnueabihf/bin/../lib/gcc/arm-linux-gnueabihf/7.5.0/../../../../arm-linux-gnueabihf/include] ==> [/opt/gcc-linaro-7.5.0-2019.12-x86_64_arm-linux-gnueabihf/arm-linux-gnueabihf/include]
  collapse include dir [/opt/gcc-linaro-7.5.0-2019.12-x86_64_arm-linux-gnueabihf/bin/../arm-linux-gnueabihf/libc/usr/include] ==> [/opt/gcc-linaro-7.5.0-2019.12-x86_64_arm-linux-gnueabihf/arm-linux-gnueabihf/libc/usr/include]
  implicit include dirs: [/opt/gcc-linaro-7.5.0-2019.12-x86_64_arm-linux-gnueabihf/arm-linux-gnueabihf/include/c++/7.5.0;/opt/gcc-linaro-7.5.0-2019.12-x86_64_arm-linux-gnueabihf/arm-linux-gnueabihf/include/c++/7.5.0/arm-linux-gnueabihf;/opt/gcc-linaro-7.5.0-2019.12-x86_64_arm-linux-gnueabihf/arm-linux-gnueabihf/include/c++/7.5.0/backward;/opt/gcc-linaro-7.5.0-2019.12-x86_64_arm-linux-gnueabihf/lib/gcc/arm-linux-gnueabihf/7.5.0/include;/opt/gcc-linaro-7.5.0-2019.12-x86_64_arm-linux-gnueabihf/lib/gcc/arm-linux-gnueabihf/7.5.0/include-fixed;/opt/gcc-linaro-7.5.0-2019.12-x86_64_arm-linux-gnueabihf/arm-linux-gnueabihf/include;/opt/gcc-linaro-7.5.0-2019.12-x86_64_arm-linux-gnueabihf/arm-linux-gnueabihf/libc/usr/include]


Parsed CXX implicit link information from above output:
  link line regex: [^( *|.*[/\])(arm-linux-gnueabihf-ld|CMAKE_LINK_STARTFILE-NOTFOUND|([^/\]+-)?ld|collect2)[^/\]*( |$)]
  ignore line: [Change Dir: /home/zzh/Desktop/ax-pipeline/build/CMakeFiles/CMakeTmp]
  ignore line: []
  ignore line: [Run Build Command(s):/usr/bin/make cmTC_a9ba2/fast && /usr/bin/make -f CMakeFiles/cmTC_a9ba2.dir/build.make CMakeFiles/cmTC_a9ba2.dir/build]
  ignore line: [make[1]: Entering directory '/home/zzh/Desktop/ax-pipeline/build/CMakeFiles/CMakeTmp']
  ignore line: [Building CXX object CMakeFiles/cmTC_a9ba2.dir/CMakeCXXCompilerABI.cpp.o]
  ignore line: [/opt/gcc-linaro-7.5.0-2019.12-x86_64_arm-linux-gnueabihf/bin/arm-linux-gnueabihf-g++    -v -o CMakeFiles/cmTC_a9ba2.dir/CMakeCXXCompilerABI.cpp.o -c /opt/cmake/share/cmake-3.15/Modules/CMakeCXXCompilerABI.cpp]
  ignore line: [Using built-in specs.]
  ignore line: [COLLECT_GCC=/opt/gcc-linaro-7.5.0-2019.12-x86_64_arm-linux-gnueabihf/bin/arm-linux-gnueabihf-g++]
  ignore line: [Target: arm-linux-gnueabihf]
  ignore line: [Configured with: '/home/tcwg-buildslave/workspace/tcwg-make-release_1/snapshots/gcc.git~linaro-7.5-2019.12/configure' SHELL=/bin/bash --with-mpc=/home/tcwg-buildslave/workspace/tcwg-make-release_1/_build/builds/destdir/x86_64-unknown-linux-gnu --with-mpfr=/home/tcwg-buildslave/workspace/tcwg-make-release_1/_build/builds/destdir/x86_64-unknown-linux-gnu --with-gmp=/home/tcwg-buildslave/workspace/tcwg-make-release_1/_build/builds/destdir/x86_64-unknown-linux-gnu --with-gnu-as --with-gnu-ld --disable-libmudflap --enable-lto --enable-shared --without-included-gettext --enable-nls --with-system-zlib --disable-sjlj-exceptions --enable-gnu-unique-object --enable-linker-build-id --disable-libstdcxx-pch --enable-c99 --enable-clocale=gnu --enable-libstdcxx-debug --enable-long-long --with-cloog=no --with-ppl=no --with-isl=no --disable-multilib --with-float=hard --with-fpu=vfpv3-d16 --with-mode=thumb --with-tune=cortex-a9 --with-arch=armv7-a --enable-threads=posix --enable-multiarch --enable-libstdcxx-time=yes --enable-gnu-indirect-function --with-build-sysroot=/home/tcwg-buildslave/workspace/tcwg-make-release_1/_build/sysroots/arm-linux-gnueabihf --with-sysroot=/home/tcwg-buildslave/workspace/tcwg-make-release_1/_build/builds/destdir/x86_64-unknown-linux-gnu/arm-linux-gnueabihf/libc --enable-checking=release --disable-bootstrap --enable-languages=c,c++,fortran,lto --build=x86_64-unknown-linux-gnu --host=x86_64-unknown-linux-gnu --target=arm-linux-gnueabihf --prefix=/home/tcwg-buildslave/workspace/tcwg-make-release_1/_build/builds/destdir/x86_64-unknown-linux-gnu]
  ignore line: [Thread model: posix]
  ignore line: [gcc version 7.5.0 (Linaro GCC 7.5-2019.12) ]
  ignore line: [COLLECT_GCC_OPTIONS='-v' '-o' 'CMakeFiles/cmTC_a9ba2.dir/CMakeCXXCompilerABI.cpp.o' '-c' '-shared-libgcc' '-march=armv7-a' '-mtune=cortex-a9' '-mfloat-abi=hard' '-mfpu=vfpv3-d16' '-mthumb' '-mtls-dialect=gnu']
  ignore line: [ /opt/gcc-linaro-7.5.0-2019.12-x86_64_arm-linux-gnueabihf/bin/../libexec/gcc/arm-linux-gnueabihf/7.5.0/cc1plus -quiet -v -imultilib . -imultiarch arm-linux-gnueabihf -iprefix /opt/gcc-linaro-7.5.0-2019.12-x86_64_arm-linux-gnueabihf/bin/../lib/gcc/arm-linux-gnueabihf/7.5.0/ -isysroot /opt/gcc-linaro-7.5.0-2019.12-x86_64_arm-linux-gnueabihf/bin/../arm-linux-gnueabihf/libc -D_GNU_SOURCE /opt/cmake/share/cmake-3.15/Modules/CMakeCXXCompilerABI.cpp -quiet -dumpbase CMakeCXXCompilerABI.cpp -march=armv7-a -mtune=cortex-a9 -mfloat-abi=hard -mfpu=vfpv3-d16 -mthumb -mtls-dialect=gnu -auxbase-strip CMakeFiles/cmTC_a9ba2.dir/CMakeCXXCompilerABI.cpp.o -version -o /tmp/ccjEKepx.s]
  ignore line: [GNU C++14 (Linaro GCC 7.5-2019.12) version 7.5.0 (arm-linux-gnueabihf)]
  ignore line: [	compiled by GNU C version 4.8.4, GMP version 6.1.2, MPFR version 3.1.5, MPC version 1.0.3, isl version none]
  ignore line: [GGC heuristics: --param ggc-min-expand=100 --param ggc-min-heapsize=131072]
  ignore line: [ignoring duplicate directory "/opt/gcc-linaro-7.5.0-2019.12-x86_64_arm-linux-gnueabihf/bin/../lib/gcc/../../lib/gcc/arm-linux-gnueabihf/7.5.0/../../../../arm-linux-gnueabihf/include/c++/7.5.0"]
  ignore line: [ignoring duplicate directory "/opt/gcc-linaro-7.5.0-2019.12-x86_64_arm-linux-gnueabihf/bin/../lib/gcc/../../lib/gcc/arm-linux-gnueabihf/7.5.0/../../../../arm-linux-gnueabihf/include/c++/7.5.0/arm-linux-gnueabihf/."]
  ignore line: [ignoring duplicate directory "/opt/gcc-linaro-7.5.0-2019.12-x86_64_arm-linux-gnueabihf/bin/../lib/gcc/../../lib/gcc/arm-linux-gnueabihf/7.5.0/../../../../arm-linux-gnueabihf/include/c++/7.5.0/backward"]
  ignore line: [ignoring duplicate directory "/opt/gcc-linaro-7.5.0-2019.12-x86_64_arm-linux-gnueabihf/bin/../lib/gcc/../../lib/gcc/arm-linux-gnueabihf/7.5.0/include"]
  ignore line: [ignoring nonexistent directory "/opt/gcc-linaro-7.5.0-2019.12-x86_64_arm-linux-gnueabihf/bin/../arm-linux-gnueabihf/libc/usr/local/include/arm-linux-gnueabihf"]
  ignore line: [ignoring nonexistent directory "/opt/gcc-linaro-7.5.0-2019.12-x86_64_arm-linux-gnueabihf/bin/../arm-linux-gnueabihf/libc/usr/local/include"]
  ignore line: [ignoring duplicate directory "/opt/gcc-linaro-7.5.0-2019.12-x86_64_arm-linux-gnueabihf/bin/../lib/gcc/../../lib/gcc/arm-linux-gnueabihf/7.5.0/include-fixed"]
  ignore line: [ignoring duplicate directory "/opt/gcc-linaro-7.5.0-2019.12-x86_64_arm-linux-gnueabihf/bin/../lib/gcc/../../lib/gcc/arm-linux-gnueabihf/7.5.0/../../../../arm-linux-gnueabihf/include"]
  ignore line: [ignoring nonexistent directory "/opt/gcc-linaro-7.5.0-2019.12-x86_64_arm-linux-gnueabihf/bin/../arm-linux-gnueabihf/libc/usr/include/arm-linux-gnueabihf"]
  ignore line: [#include "..." search starts here:]
  ignore line: [#include <...> search starts here:]
  ignore line: [ /opt/gcc-linaro-7.5.0-2019.12-x86_64_arm-linux-gnueabihf/bin/../lib/gcc/arm-linux-gnueabihf/7.5.0/../../../../arm-linux-gnueabihf/include/c++/7.5.0]
  ignore line: [ /opt/gcc-linaro-7.5.0-2019.12-x86_64_arm-linux-gnueabihf/bin/../lib/gcc/arm-linux-gnueabihf/7.5.0/../../../../arm-linux-gnueabihf/include/c++/7.5.0/arm-linux-gnueabihf/.]
  ignore line: [ /opt/gcc-linaro-7.5.0-2019.12-x86_64_arm-linux-gnueabihf/bin/../lib/gcc/arm-linux-gnueabihf/7.5.0/../../../../arm-linux-gnueabihf/include/c++/7.5.0/backward]
  ignore line: [ /opt/gcc-linaro-7.5.0-2019.12-x86_64_arm-linux-gnueabihf/bin/../lib/gcc/arm-linux-gnueabihf/7.5.0/include]
  ignore line: [ /opt/gcc-linaro-7.5.0-2019.12-x86_64_arm-linux-gnueabihf/bin/../lib/gcc/arm-linux-gnueabihf/7.5.0/include-fixed]
  ignore line: [ /opt/gcc-linaro-7.5.0-2019.12-x86_64_arm-linux-gnueabihf/bin/../lib/gcc/arm-linux-gnueabihf/7.5.0/../../../../arm-linux-gnueabihf/include]
  ignore line: [ /opt/gcc-linaro-7.5.0-2019.12-x86_64_arm-linux-gnueabihf/bin/../arm-linux-gnueabihf/libc/usr/include]
  ignore line: [End of search list.]
  ignore line: [GNU C++14 (Linaro GCC 7.5-2019.12) version 7.5.0 (arm-linux-gnueabihf)]
  ignore line: [	compiled by GNU C version 4.8.4, GMP version 6.1.2, MPFR version 3.1.5, MPC version 1.0.3, isl version none]
  ignore line: [GGC heuristics: --param ggc-min-expand=100 --param ggc-min-heapsize=131072]
  ignore line: [Compiler executable checksum: 09c4458dd3b9a3a0ab3c0b9fc8f5d562]
  ignore line: [COLLECT_GCC_OPTIONS='-v' '-o' 'CMakeFiles/cmTC_a9ba2.dir/CMakeCXXCompilerABI.cpp.o' '-c' '-shared-libgcc' '-march=armv7-a' '-mtune=cortex-a9' '-mfloat-abi=hard' '-mfpu=vfpv3-d16' '-mthumb' '-mtls-dialect=gnu']
  ignore line: [ /opt/gcc-linaro-7.5.0-2019.12-x86_64_arm-linux-gnueabihf/bin/../lib/gcc/arm-linux-gnueabihf/7.5.0/../../../../arm-linux-gnueabihf/bin/as -v -march=armv7-a -mfloat-abi=hard -mfpu=vfpv3-d16 -meabi=5 -o CMakeFiles/cmTC_a9ba2.dir/CMakeCXXCompilerABI.cpp.o /tmp/ccjEKepx.s]
  ignore line: [GNU assembler version 2.28.2 (arm-linux-gnueabihf) using BFD version (Linaro_Binutils-2019.12) 2.28.2.20170706]
  ignore line: [COMPILER_PATH=/opt/gcc-linaro-7.5.0-2019.12-x86_64_arm-linux-gnueabihf/bin/../libexec/gcc/arm-linux-gnueabihf/7.5.0/:/opt/gcc-linaro-7.5.0-2019.12-x86_64_arm-linux-gnueabihf/bin/../libexec/gcc/arm-linux-gnueabihf/:/opt/gcc-linaro-7.5.0-2019.12-x86_64_arm-linux-gnueabihf/bin/../libexec/gcc/:/opt/gcc-linaro-7.5.0-2019.12-x86_64_arm-linux-gnueabihf/bin/../lib/gcc/arm-linux-gnueabihf/7.5.0/../../../../arm-linux-gnueabihf/bin/]
  ignore line: [LIBRARY_PATH=/opt/gcc-linaro-7.5.0-2019.12-x86_64_arm-linux-gnueabihf/bin/../lib/gcc/arm-linux-gnueabihf/7.5.0/:/opt/gcc-linaro-7.5.0-2019.12-x86_64_arm-linux-gnueabihf/bin/../lib/gcc/arm-linux-gnueabihf/:/opt/gcc-linaro-7.5.0-2019.12-x86_64_arm-linux-gnueabihf/bin/../lib/gcc/:/opt/gcc-linaro-7.5.0-2019.12-x86_64_arm-linux-gnueabihf/bin/../lib/gcc/arm-linux-gnueabihf/7.5.0/../../../../arm-linux-gnueabihf/lib/:/opt/gcc-linaro-7.5.0-2019.12-x86_64_arm-linux-gnueabihf/bin/../arm-linux-gnueabihf/libc/lib/:/opt/gcc-linaro-7.5.0-2019.12-x86_64_arm-linux-gnueabihf/bin/../arm-linux-gnueabihf/libc/usr/lib/]
  ignore line: [COLLECT_GCC_OPTIONS='-v' '-o' 'CMakeFiles/cmTC_a9ba2.dir/CMakeCXXCompilerABI.cpp.o' '-c' '-shared-libgcc' '-march=armv7-a' '-mtune=cortex-a9' '-mfloat-abi=hard' '-mfpu=vfpv3-d16' '-mthumb' '-mtls-dialect=gnu']
  ignore line: [Linking CXX executable cmTC_a9ba2]
  ignore line: [/opt/cmake/bin/cmake -E cmake_link_script CMakeFiles/cmTC_a9ba2.dir/link.txt --verbose=1]
  ignore line: [/opt/gcc-linaro-7.5.0-2019.12-x86_64_arm-linux-gnueabihf/bin/arm-linux-gnueabihf-g++      -v CMakeFiles/cmTC_a9ba2.dir/CMakeCXXCompilerABI.cpp.o  -o cmTC_a9ba2 ]
  ignore line: [Using built-in specs.]
  ignore line: [COLLECT_GCC=/opt/gcc-linaro-7.5.0-2019.12-x86_64_arm-linux-gnueabihf/bin/arm-linux-gnueabihf-g++]
  ignore line: [COLLECT_LTO_WRAPPER=/opt/gcc-linaro-7.5.0-2019.12-x86_64_arm-linux-gnueabihf/bin/../libexec/gcc/arm-linux-gnueabihf/7.5.0/lto-wrapper]
  ignore line: [Target: arm-linux-gnueabihf]
  ignore line: [Configured with: '/home/tcwg-buildslave/workspace/tcwg-make-release_1/snapshots/gcc.git~linaro-7.5-2019.12/configure' SHELL=/bin/bash --with-mpc=/home/tcwg-buildslave/workspace/tcwg-make-release_1/_build/builds/destdir/x86_64-unknown-linux-gnu --with-mpfr=/home/tcwg-buildslave/workspace/tcwg-make-release_1/_build/builds/destdir/x86_64-unknown-linux-gnu --with-gmp=/home/tcwg-buildslave/workspace/tcwg-make-release_1/_build/builds/destdir/x86_64-unknown-linux-gnu --with-gnu-as --with-gnu-ld --disable-libmudflap --enable-lto --enable-shared --without-included-gettext --enable-nls --with-system-zlib --disable-sjlj-exceptions --enable-gnu-unique-object --enable-linker-build-id --disable-libstdcxx-pch --enable-c99 --enable-clocale=gnu --enable-libstdcxx-debug --enable-long-long --with-cloog=no --with-ppl=no --with-isl=no --disable-multilib --with-float=hard --with-fpu=vfpv3-d16 --with-mode=thumb --with-tune=cortex-a9 --with-arch=armv7-a --enable-threads=posix --enable-multiarch --enable-libstdcxx-time=yes --enable-gnu-indirect-function --with-build-sysroot=/home/tcwg-buildslave/workspace/tcwg-make-release_1/_build/sysroots/arm-linux-gnueabihf --with-sysroot=/home/tcwg-buildslave/workspace/tcwg-make-release_1/_build/builds/destdir/x86_64-unknown-linux-gnu/arm-linux-gnueabihf/libc --enable-checking=release --disable-bootstrap --enable-languages=c,c++,fortran,lto --build=x86_64-unknown-linux-gnu --host=x86_64-unknown-linux-gnu --target=arm-linux-gnueabihf --prefix=/home/tcwg-buildslave/workspace/tcwg-make-release_1/_build/builds/destdir/x86_64-unknown-linux-gnu]
  ignore line: [Thread model: posix]
  ignore line: [gcc version 7.5.0 (Linaro GCC 7.5-2019.12) ]
  ignore line: [COMPILER_PATH=/opt/gcc-linaro-7.5.0-2019.12-x86_64_arm-linux-gnueabihf/bin/../libexec/gcc/arm-linux-gnueabihf/7.5.0/:/opt/gcc-linaro-7.5.0-2019.12-x86_64_arm-linux-gnueabihf/bin/../libexec/gcc/arm-linux-gnueabihf/:/opt/gcc-linaro-7.5.0-2019.12-x86_64_arm-linux-gnueabihf/bin/../libexec/gcc/:/opt/gcc-linaro-7.5.0-2019.12-x86_64_arm-linux-gnueabihf/bin/../lib/gcc/arm-linux-gnueabihf/7.5.0/../../../../arm-linux-gnueabihf/bin/]
  ignore line: [LIBRARY_PATH=/opt/gcc-linaro-7.5.0-2019.12-x86_64_arm-linux-gnueabihf/bin/../lib/gcc/arm-linux-gnueabihf/7.5.0/:/opt/gcc-linaro-7.5.0-2019.12-x86_64_arm-linux-gnueabihf/bin/../lib/gcc/arm-linux-gnueabihf/:/opt/gcc-linaro-7.5.0-2019.12-x86_64_arm-linux-gnueabihf/bin/../lib/gcc/:/opt/gcc-linaro-7.5.0-2019.12-x86_64_arm-linux-gnueabihf/bin/../lib/gcc/arm-linux-gnueabihf/7.5.0/../../../../arm-linux-gnueabihf/lib/:/opt/gcc-linaro-7.5.0-2019.12-x86_64_arm-linux-gnueabihf/bin/../arm-linux-gnueabihf/libc/lib/:/opt/gcc-linaro-7.5.0-2019.12-x86_64_arm-linux-gnueabihf/bin/../arm-linux-gnueabihf/libc/usr/lib/]
  ignore line: [COLLECT_GCC_OPTIONS='-v' '-o' 'cmTC_a9ba2' '-shared-libgcc' '-march=armv7-a' '-mtune=cortex-a9' '-mfloat-abi=hard' '-mfpu=vfpv3-d16' '-mthumb' '-mtls-dialect=gnu']
  link line: [ /opt/gcc-linaro-7.5.0-2019.12-x86_64_arm-linux-gnueabihf/bin/../libexec/gcc/arm-linux-gnueabihf/7.5.0/collect2 -plugin /opt/gcc-linaro-7.5.0-2019.12-x86_64_arm-linux-gnueabihf/bin/../libexec/gcc/arm-linux-gnueabihf/7.5.0/liblto_plugin.so -plugin-opt=/opt/gcc-linaro-7.5.0-2019.12-x86_64_arm-linux-gnueabihf/bin/../libexec/gcc/arm-linux-gnueabihf/7.5.0/lto-wrapper -plugin-opt=-fresolution=/tmp/cc2K2R4A.res -plugin-opt=-pass-through=-lgcc_s -plugin-opt=-pass-through=-lgcc -plugin-opt=-pass-through=-lc -plugin-opt=-pass-through=-lgcc_s -plugin-opt=-pass-through=-lgcc --sysroot=/opt/gcc-linaro-7.5.0-2019.12-x86_64_arm-linux-gnueabihf/bin/../arm-linux-gnueabihf/libc --build-id --eh-frame-hdr -dynamic-linker /lib/ld-linux-armhf.so.3 -X -m armelf_linux_eabi -o cmTC_a9ba2 /opt/gcc-linaro-7.5.0-2019.12-x86_64_arm-linux-gnueabihf/bin/../arm-linux-gnueabihf/libc/usr/lib/crt1.o /opt/gcc-linaro-7.5.0-2019.12-x86_64_arm-linux-gnueabihf/bin/../arm-linux-gnueabihf/libc/usr/lib/crti.o /opt/gcc-linaro-7.5.0-2019.12-x86_64_arm-linux-gnueabihf/bin/../lib/gcc/arm-linux-gnueabihf/7.5.0/crtbegin.o -L/opt/gcc-linaro-7.5.0-2019.12-x86_64_arm-linux-gnueabihf/bin/../lib/gcc/arm-linux-gnueabihf/7.5.0 -L/opt/gcc-linaro-7.5.0-2019.12-x86_64_arm-linux-gnueabihf/bin/../lib/gcc/arm-linux-gnueabihf -L/opt/gcc-linaro-7.5.0-2019.12-x86_64_arm-linux-gnueabihf/bin/../lib/gcc -L/opt/gcc-linaro-7.5.0-2019.12-x86_64_arm-linux-gnueabihf/bin/../lib/gcc/arm-linux-gnueabihf/7.5.0/../../../../arm-linux-gnueabihf/lib -L/opt/gcc-linaro-7.5.0-2019.12-x86_64_arm-linux-gnueabihf/bin/../arm-linux-gnueabihf/libc/lib -L/opt/gcc-linaro-7.5.0-2019.12-x86_64_arm-linux-gnueabihf/bin/../arm-linux-gnueabihf/libc/usr/lib CMakeFiles/cmTC_a9ba2.dir/CMakeCXXCompilerABI.cpp.o -lstdc++ -lm -lgcc_s -lgcc -lc -lgcc_s -lgcc /opt/gcc-linaro-7.5.0-2019.12-x86_64_arm-linux-gnueabihf/bin/../lib/gcc/arm-linux-gnueabihf/7.5.0/crtend.o /opt/gcc-linaro-7.5.0-2019.12-x86_64_arm-linux-gnueabihf/bin/../arm-linux-gnueabihf/libc/usr/lib/crtn.o]
    arg [/opt/gcc-linaro-7.5.0-2019.12-x86_64_arm-linux-gnueabihf/bin/../libexec/gcc/arm-linux-gnueabihf/7.5.0/collect2] ==> ignore
    arg [-plugin] ==> ignore
    arg [/opt/gcc-linaro-7.5.0-2019.12-x86_64_arm-linux-gnueabihf/bin/../libexec/gcc/arm-linux-gnueabihf/7.5.0/liblto_plugin.so] ==> ignore
    arg [-plugin-opt=/opt/gcc-linaro-7.5.0-2019.12-x86_64_arm-linux-gnueabihf/bin/../libexec/gcc/arm-linux-gnueabihf/7.5.0/lto-wrapper] ==> ignore
    arg [-plugin-opt=-fresolution=/tmp/cc2K2R4A.res] ==> ignore
    arg [-plugin-opt=-pass-through=-lgcc_s] ==> ignore
    arg [-plugin-opt=-pass-through=-lgcc] ==> ignore
    arg [-plugin-opt=-pass-through=-lc] ==> ignore
    arg [-plugin-opt=-pass-through=-lgcc_s] ==> ignore
    arg [-plugin-opt=-pass-through=-lgcc] ==> ignore
    arg [--sysroot=/opt/gcc-linaro-7.5.0-2019.12-x86_64_arm-linux-gnueabihf/bin/../arm-linux-gnueabihf/libc] ==> ignore
    arg [--build-id] ==> ignore
    arg [--eh-frame-hdr] ==> ignore
    arg [-dynamic-linker] ==> ignore
    arg [/lib/ld-linux-armhf.so.3] ==> ignore
    arg [-X] ==> ignore
    arg [-m] ==> ignore
    arg [armelf_linux_eabi] ==> ignore
    arg [-o] ==> ignore
    arg [cmTC_a9ba2] ==> ignore
    arg [/opt/gcc-linaro-7.5.0-2019.12-x86_64_arm-linux-gnueabihf/bin/../arm-linux-gnueabihf/libc/usr/lib/crt1.o] ==> ignore
    arg [/opt/gcc-linaro-7.5.0-2019.12-x86_64_arm-linux-gnueabihf/bin/../arm-linux-gnueabihf/libc/usr/lib/crti.o] ==> ignore
    arg [/opt/gcc-linaro-7.5.0-2019.12-x86_64_arm-linux-gnueabihf/bin/../lib/gcc/arm-linux-gnueabihf/7.5.0/crtbegin.o] ==> ignore
    arg [-L/opt/gcc-linaro-7.5.0-2019.12-x86_64_arm-linux-gnueabihf/bin/../lib/gcc/arm-linux-gnueabihf/7.5.0] ==> dir [/opt/gcc-linaro-7.5.0-2019.12-x86_64_arm-linux-gnueabihf/bin/../lib/gcc/arm-linux-gnueabihf/7.5.0]
    arg [-L/opt/gcc-linaro-7.5.0-2019.12-x86_64_arm-linux-gnueabihf/bin/../lib/gcc/arm-linux-gnueabihf] ==> dir [/opt/gcc-linaro-7.5.0-2019.12-x86_64_arm-linux-gnueabihf/bin/../lib/gcc/arm-linux-gnueabihf]
    arg [-L/opt/gcc-linaro-7.5.0-2019.12-x86_64_arm-linux-gnueabihf/bin/../lib/gcc] ==> dir [/opt/gcc-linaro-7.5.0-2019.12-x86_64_arm-linux-gnueabihf/bin/../lib/gcc]
    arg [-L/opt/gcc-linaro-7.5.0-2019.12-x86_64_arm-linux-gnueabihf/bin/../lib/gcc/arm-linux-gnueabihf/7.5.0/../../../../arm-linux-gnueabihf/lib] ==> dir [/opt/gcc-linaro-7.5.0-2019.12-x86_64_arm-linux-gnueabihf/bin/../lib/gcc/arm-linux-gnueabihf/7.5.0/../../../../arm-linux-gnueabihf/lib]
    arg [-L/opt/gcc-linaro-7.5.0-2019.12-x86_64_arm-linux-gnueabihf/bin/../arm-linux-gnueabihf/libc/lib] ==> dir [/opt/gcc-linaro-7.5.0-2019.12-x86_64_arm-linux-gnueabihf/bin/../arm-linux-gnueabihf/libc/lib]
    arg [-L/opt/gcc-linaro-7.5.0-2019.12-x86_64_arm-linux-gnueabihf/bin/../arm-linux-gnueabihf/libc/usr/lib] ==> dir [/opt/gcc-linaro-7.5.0-2019.12-x86_64_arm-linux-gnueabihf/bin/../arm-linux-gnueabihf/libc/usr/lib]
    arg [CMakeFiles/cmTC_a9ba2.dir/CMakeCXXCompilerABI.cpp.o] ==> ignore
    arg [-lstdc++] ==> lib [stdc++]
    arg [-lm] ==> lib [m]
    arg [-lgcc_s] ==> lib [gcc_s]
    arg [-lgcc] ==> lib [gcc]
    arg [-lc] ==> lib [c]
    arg [-lgcc_s] ==> lib [gcc_s]
    arg [-lgcc] ==> lib [gcc]
    arg [/opt/gcc-linaro-7.5.0-2019.12-x86_64_arm-linux-gnueabihf/bin/../lib/gcc/arm-linux-gnueabihf/7.5.0/crtend.o] ==> ignore
    arg [/opt/gcc-linaro-7.5.0-2019.12-x86_64_arm-linux-gnueabihf/bin/../arm-linux-gnueabihf/libc/usr/lib/crtn.o] ==> ignore
  collapse library dir [/opt/gcc-linaro-7.5.0-2019.12-x86_64_arm-linux-gnueabihf/bin/../lib/gcc/arm-linux-gnueabihf/7.5.0] ==> [/opt/gcc-linaro-7.5.0-2019.12-x86_64_arm-linux-gnueabihf/lib/gcc/arm-linux-gnueabihf/7.5.0]
  collapse library dir [/opt/gcc-linaro-7.5.0-2019.12-x86_64_arm-linux-gnueabihf/bin/../lib/gcc/arm-linux-gnueabihf] ==> [/opt/gcc-linaro-7.5.0-2019.12-x86_64_arm-linux-gnueabihf/lib/gcc/arm-linux-gnueabihf]
  collapse library dir [/opt/gcc-linaro-7.5.0-2019.12-x86_64_arm-linux-gnueabihf/bin/../lib/gcc] ==> [/opt/gcc-linaro-7.5.0-2019.12-x86_64_arm-linux-gnueabihf/lib/gcc]
  collapse library dir [/opt/gcc-linaro-7.5.0-2019.12-x86_64_arm-linux-gnueabihf/bin/../lib/gcc/arm-linux-gnueabihf/7.5.0/../../../../arm-linux-gnueabihf/lib] ==> [/opt/gcc-linaro-7.5.0-2019.12-x86_64_arm-linux-gnueabihf/arm-linux-gnueabihf/lib]
  collapse library dir [/opt/gcc-linaro-7.5.0-2019.12-x86_64_arm-linux-gnueabihf/bin/../arm-linux-gnueabihf/libc/lib] ==> [/opt/gcc-linaro-7.5.0-2019.12-x86_64_arm-linux-gnueabihf/arm-linux-gnueabihf/libc/lib]
  collapse library dir [/opt/gcc-linaro-7.5.0-2019.12-x86_64_arm-linux-gnueabihf/bin/../arm-linux-gnueabihf/libc/usr/lib] ==> [/opt/gcc-linaro-7.5.0-2019.12-x86_64_arm-linux-gnueabihf/arm-linux-gnueabihf/libc/usr/lib]
  implicit libs: [stdc++;m;gcc_s;gcc;c;gcc_s;gcc]
  implicit dirs: [/opt/gcc-linaro-7.5.0-2019.12-x86_64_arm-linux-gnueabihf/lib/gcc/arm-linux-gnueabihf/7.5.0;/opt/gcc-linaro-7.5.0-2019.12-x86_64_arm-linux-gnueabihf/lib/gcc/arm-linux-gnueabihf;/opt/gcc-linaro-7.5.0-2019.12-x86_64_arm-linux-gnueabihf/lib/gcc;/opt/gcc-linaro-7.5.0-2019.12-x86_64_arm-linux-gnueabihf/arm-linux-gnueabihf/lib;/opt/gcc-linaro-7.5.0-2019.12-x86_64_arm-linux-gnueabihf/arm-linux-gnueabihf/libc/lib;/opt/gcc-linaro-7.5.0-2019.12-x86_64_arm-linux-gnueabihf/arm-linux-gnueabihf/libc/usr/lib]
  implicit fwks: []


